Start testing: May 22 11:17 CST
----------------------------------------------------------
117/150 Testing: MatmulBiasTest.NoBias_M128_N128_K128
117/150 Test: MatmulBiasTest.NoBias_M128_N128_K128
Command: "/home/developer/workspace/harness/build/host/tests/test_matmul_bias" "--gtest_filter=MatmulBiasTest.NoBias_M128_N128_K128" "--gtest_also_run_disabled_tests"
Directory: /home/developer/workspace/harness/build/host/tests
"MatmulBiasTest.NoBias_M128_N128_K128" start time: May 22 11:17 CST
Output:
----------------------------------------------------------
Running main() from ./googletest/src/gtest_main.cc
Note: Google Test filter = MatmulBiasTest.NoBias_M128_N128_K128
[==========] Running 1 test from 1 test suite.
[----------] Global test environment set-up.
[----------] 1 test from MatmulBiasTest
[ RUN      ] MatmulBiasTest.NoBias_M128_N128_K128
[       OK ] MatmulBiasTest.NoBias_M128_N128_K128 (3 ms)
[----------] 1 test from MatmulBiasTest (3 ms total)

[----------] Global test environment tear-down
[==========] 1 test from 1 test suite ran. (3 ms total)
[  PASSED  ] 1 test.
<end of output>
Test time =   0.00 sec
----------------------------------------------------------
Test Passed.
"MatmulBiasTest.NoBias_M128_N128_K128" end time: May 22 11:17 CST
"MatmulBiasTest.NoBias_M128_N128_K128" time elapsed: 00:00:00
----------------------------------------------------------

74/150 Testing: Shape3D/ReduceSumLastdim3DTest.RunnerMatchesGolden/24-byteobject<08-0000-0000-0000-0040-0000-0000-0000-0000-0400-0000-0000-00>
74/150 Test: Shape3D/ReduceSumLastdim3DTest.RunnerMatchesGolden/24-byteobject<08-0000-0000-0000-0040-0000-0000-0000-0000-0400-0000-0000-00>
Command: "/home/developer/workspace/harness/build/host/tests/test_reduce_sum_lastdim" "--gtest_filter=Shape3D/ReduceSumLastdim3DTest.RunnerMatchesGolden/2" "--gtest_also_run_disabled_tests"
Directory: /home/developer/workspace/harness/build/host/tests
"Shape3D/ReduceSumLastdim3DTest.RunnerMatchesGolden/24-byteobject<08-0000-0000-0000-0040-0000-0000-0000-0000-0400-0000-0000-00>" start time: May 22 11:17 CST
Output:
----------------------------------------------------------
Running main() from ./googletest/src/gtest_main.cc
Note: Google Test filter = Shape3D/ReduceSumLastdim3DTest.RunnerMatchesGolden/2
[==========] Running 1 test from 1 test suite.
[----------] Global test environment set-up.
[----------] 1 test from Shape3D/ReduceSumLastdim3DTest
[ RUN      ] Shape3D/ReduceSumLastdim3DTest.RunnerMatchesGolden/2
[       OK ] Shape3D/ReduceSumLastdim3DTest.RunnerMatchesGolden/2 (4 ms)
[----------] 1 test from Shape3D/ReduceSumLastdim3DTest (4 ms total)

[----------] Global test environment tear-down
[==========] 1 test from 1 test suite ran. (4 ms total)
[  PASSED  ] 1 test.
<end of output>
Test time =   0.01 sec
----------------------------------------------------------
Test Passed.
"Shape3D/ReduceSumLastdim3DTest.RunnerMatchesGolden/24-byteobject<08-0000-0000-0000-0040-0000-0000-0000-0000-0400-0000-0000-00>" end time: May 22 11:17 CST
"Shape3D/ReduceSumLastdim3DTest.RunnerMatchesGolden/24-byteobject<08-0000-0000-0000-0040-0000-0000-0000-0000-0400-0000-0000-00>" time elapsed: 00:00:00
----------------------------------------------------------

124/150 Testing: MatmulBiasTest.WithBias_M256_N64_K256
124/150 Test: MatmulBiasTest.WithBias_M256_N64_K256
Command: "/home/developer/workspace/harness/build/host/tests/test_matmul_bias" "--gtest_filter=MatmulBiasTest.WithBias_M256_N64_K256" "--gtest_also_run_disabled_tests"
Directory: /home/developer/workspace/harness/build/host/tests
"MatmulBiasTest.WithBias_M256_N64_K256" start time: May 22 11:17 CST
Output:
----------------------------------------------------------
Running main() from ./googletest/src/gtest_main.cc
Note: Google Test filter = MatmulBiasTest.WithBias_M256_N64_K256
[==========] Running 1 test from 1 test suite.
[----------] Global test environment set-up.
[----------] 1 test from MatmulBiasTest
[ RUN      ] MatmulBiasTest.WithBias_M256_N64_K256
[       OK ] MatmulBiasTest.WithBias_M256_N64_K256 (6 ms)
[----------] 1 test from MatmulBiasTest (6 ms total)

[----------] Global test environment tear-down
[==========] 1 test from 1 test suite ran. (6 ms total)
[  PASSED  ] 1 test.
<end of output>
Test time =   0.01 sec
----------------------------------------------------------
Test Passed.
"MatmulBiasTest.WithBias_M256_N64_K256" end time: May 22 11:17 CST
"MatmulBiasTest.WithBias_M256_N64_K256" time elapsed: 00:00:00
----------------------------------------------------------

39/150 Testing: AllShapes/BroadcastBinaryShapeTest.RunnerMatchesGolden/40-byteobject<04-0000-0000-0000-0040-0000-0000-0000-003F-0000-0000-0000-003F-0000-0000-0000-0001-0000-0000-0000-00>
39/150 Test: AllShapes/BroadcastBinaryShapeTest.RunnerMatchesGolden/40-byteobject<04-0000-0000-0000-0040-0000-0000-0000-003F-0000-0000-0000-003F-0000-0000-0000-0001-0000-0000-0000-00>
Command: "/home/developer/workspace/harness/build/host/tests/test_broadcast_binary" "--gtest_filter=AllShapes/BroadcastBinaryShapeTest.RunnerMatchesGolden/3" "--gtest_also_run_disabled_tests"
Directory: /home/developer/workspace/harness/build/host/tests
"AllShapes/BroadcastBinaryShapeTest.RunnerMatchesGolden/40-byteobject<04-0000-0000-0000-0040-0000-0000-0000-003F-0000-0000-0000-003F-0000-0000-0000-0001-0000-0000-0000-00>" start time: May 22 11:17 CST
Output:
----------------------------------------------------------
Running main() from ./googletest/src/gtest_main.cc
Note: Google Test filter = AllShapes/BroadcastBinaryShapeTest.RunnerMatchesGolden/3
[==========] Running 1 test from 1 test suite.
[----------] Global test environment set-up.
[----------] 1 test from AllShapes/BroadcastBinaryShapeTest
[ RUN      ] AllShapes/BroadcastBinaryShapeTest.RunnerMatchesGolden/3
[       OK ] AllShapes/BroadcastBinaryShapeTest.RunnerMatchesGolden/3 (7 ms)
[----------] 1 test from AllShapes/BroadcastBinaryShapeTest (7 ms total)

[----------] Global test environment tear-down
[==========] 1 test from 1 test suite ran. (7 ms total)
[  PASSED  ] 1 test.
<end of output>
Test time =   0.01 sec
----------------------------------------------------------
Test Passed.
"AllShapes/BroadcastBinaryShapeTest.RunnerMatchesGolden/40-byteobject<04-0000-0000-0000-0040-0000-0000-0000-003F-0000-0000-0000-003F-0000-0000-0000-0001-0000-0000-0000-00>" end time: May 22 11:17 CST
"AllShapes/BroadcastBinaryShapeTest.RunnerMatchesGolden/40-byteobject<04-0000-0000-0000-0040-0000-0000-0000-003F-0000-0000-0000-003F-0000-0000-0000-0001-0000-0000-0000-00>" time elapsed: 00:00:00
----------------------------------------------------------

126/150 Testing: MatmulBiasTest.Square_128x128x128_WithBias
126/150 Test: MatmulBiasTest.Square_128x128x128_WithBias
Command: "/home/developer/workspace/harness/build/host/tests/test_matmul_bias" "--gtest_filter=MatmulBiasTest.Square_128x128x128_WithBias" "--gtest_also_run_disabled_tests"
Directory: /home/developer/workspace/harness/build/host/tests
"MatmulBiasTest.Square_128x128x128_WithBias" start time: May 22 11:17 CST
Output:
----------------------------------------------------------
Running main() from ./googletest/src/gtest_main.cc
Note: Google Test filter = MatmulBiasTest.Square_128x128x128_WithBias
[==========] Running 1 test from 1 test suite.
[----------] Global test environment set-up.
[----------] 1 test from MatmulBiasTest
[ RUN      ] MatmulBiasTest.Square_128x128x128_WithBias
[       OK ] MatmulBiasTest.Square_128x128x128_WithBias (3 ms)
[----------] 1 test from MatmulBiasTest (3 ms total)

[----------] Global test environment tear-down
[==========] 1 test from 1 test suite ran. (3 ms total)
[  PASSED  ] 1 test.
<end of output>
Test time =   0.00 sec
----------------------------------------------------------
Test Passed.
"MatmulBiasTest.Square_128x128x128_WithBias" end time: May 22 11:17 CST
"MatmulBiasTest.Square_128x128x128_WithBias" time elapsed: 00:00:00
----------------------------------------------------------

123/150 Testing: MatmulBiasTest.WithBias_M128_N128_K128
123/150 Test: MatmulBiasTest.WithBias_M128_N128_K128
Command: "/home/developer/workspace/harness/build/host/tests/test_matmul_bias" "--gtest_filter=MatmulBiasTest.WithBias_M128_N128_K128" "--gtest_also_run_disabled_tests"
Directory: /home/developer/workspace/harness/build/host/tests
"MatmulBiasTest.WithBias_M128_N128_K128" start time: May 22 11:17 CST
Output:
----------------------------------------------------------
Running main() from ./googletest/src/gtest_main.cc
Note: Google Test filter = MatmulBiasTest.WithBias_M128_N128_K128
[==========] Running 1 test from 1 test suite.
[----------] Global test environment set-up.
[----------] 1 test from MatmulBiasTest
[ RUN      ] MatmulBiasTest.WithBias_M128_N128_K128
[       OK ] MatmulBiasTest.WithBias_M128_N128_K128 (3 ms)
[----------] 1 test from MatmulBiasTest (3 ms total)

[----------] Global test environment tear-down
[==========] 1 test from 1 test suite ran. (3 ms total)
[  PASSED  ] 1 test.
<end of output>
Test time =   0.00 sec
----------------------------------------------------------
Test Passed.
"MatmulBiasTest.WithBias_M128_N128_K128" end time: May 22 11:17 CST
"MatmulBiasTest.WithBias_M128_N128_K128" time elapsed: 00:00:00
----------------------------------------------------------

116/150 Testing: MatmulBiasTest.NoBias_M64_N64_K64
116/150 Test: MatmulBiasTest.NoBias_M64_N64_K64
Command: "/home/developer/workspace/harness/build/host/tests/test_matmul_bias" "--gtest_filter=MatmulBiasTest.NoBias_M64_N64_K64" "--gtest_also_run_disabled_tests"
Directory: /home/developer/workspace/harness/build/host/tests
"MatmulBiasTest.NoBias_M64_N64_K64" start time: May 22 11:17 CST
Output:
----------------------------------------------------------
Running main() from ./googletest/src/gtest_main.cc
Note: Google Test filter = MatmulBiasTest.NoBias_M64_N64_K64
[==========] Running 1 test from 1 test suite.
[----------] Global test environment set-up.
[----------] 1 test from MatmulBiasTest
[ RUN      ] MatmulBiasTest.NoBias_M64_N64_K64
[       OK ] MatmulBiasTest.NoBias_M64_N64_K64 (0 ms)
[----------] 1 test from MatmulBiasTest (0 ms total)

[----------] Global test environment tear-down
[==========] 1 test from 1 test suite ran. (0 ms total)
[  PASSED  ] 1 test.
<end of output>
Test time =   0.00 sec
----------------------------------------------------------
Test Passed.
"MatmulBiasTest.NoBias_M64_N64_K64" end time: May 22 11:17 CST
"MatmulBiasTest.NoBias_M64_N64_K64" time elapsed: 00:00:00
----------------------------------------------------------

125/150 Testing: MatmulBiasTest.Square_128x128x128_NoBias
125/150 Test: MatmulBiasTest.Square_128x128x128_NoBias
Command: "/home/developer/workspace/harness/build/host/tests/test_matmul_bias" "--gtest_filter=MatmulBiasTest.Square_128x128x128_NoBias" "--gtest_also_run_disabled_tests"
Directory: /home/developer/workspace/harness/build/host/tests
"MatmulBiasTest.Square_128x128x128_NoBias" start time: May 22 11:17 CST
Output:
----------------------------------------------------------
Running main() from ./googletest/src/gtest_main.cc
Note: Google Test filter = MatmulBiasTest.Square_128x128x128_NoBias
[==========] Running 1 test from 1 test suite.
[----------] Global test environment set-up.
[----------] 1 test from MatmulBiasTest
[ RUN      ] MatmulBiasTest.Square_128x128x128_NoBias
[       OK ] MatmulBiasTest.Square_128x128x128_NoBias (3 ms)
[----------] 1 test from MatmulBiasTest (3 ms total)

[----------] Global test environment tear-down
[==========] 1 test from 1 test suite ran. (3 ms total)
[  PASSED  ] 1 test.
<end of output>
Test time =   0.01 sec
----------------------------------------------------------
Test Passed.
"MatmulBiasTest.Square_128x128x128_NoBias" end time: May 22 11:17 CST
"MatmulBiasTest.Square_128x128x128_NoBias" time elapsed: 00:00:00
----------------------------------------------------------

70/150 Testing: Shape2D/ReduceSumLastdim2DTest.RunnerMatchesGolden/16-byteobject<40-0000-0000-0000-0000-1000-0000-0000-00>
70/150 Test: Shape2D/ReduceSumLastdim2DTest.RunnerMatchesGolden/16-byteobject<40-0000-0000-0000-0000-1000-0000-0000-00>
Command: "/home/developer/workspace/harness/build/host/tests/test_reduce_sum_lastdim" "--gtest_filter=Shape2D/ReduceSumLastdim2DTest.RunnerMatchesGolden/8" "--gtest_also_run_disabled_tests"
Directory: /home/developer/workspace/harness/build/host/tests
"Shape2D/ReduceSumLastdim2DTest.RunnerMatchesGolden/16-byteobject<40-0000-0000-0000-0000-1000-0000-0000-00>" start time: May 22 11:17 CST
Output:
----------------------------------------------------------
Running main() from ./googletest/src/gtest_main.cc
Note: Google Test filter = Shape2D/ReduceSumLastdim2DTest.RunnerMatchesGolden/8
[==========] Running 1 test from 1 test suite.
[----------] Global test environment set-up.
[----------] 1 test from Shape2D/ReduceSumLastdim2DTest
[ RUN      ] Shape2D/ReduceSumLastdim2DTest.RunnerMatchesGolden/8
[       OK ] Shape2D/ReduceSumLastdim2DTest.RunnerMatchesGolden/8 (2 ms)
[----------] 1 test from Shape2D/ReduceSumLastdim2DTest (2 ms total)

[----------] Global test environment tear-down
[==========] 1 test from 1 test suite ran. (2 ms total)
[  PASSED  ] 1 test.
<end of output>
Test time =   0.01 sec
----------------------------------------------------------
Test Passed.
"Shape2D/ReduceSumLastdim2DTest.RunnerMatchesGolden/16-byteobject<40-0000-0000-0000-0000-1000-0000-0000-00>" end time: May 22 11:17 CST
"Shape2D/ReduceSumLastdim2DTest.RunnerMatchesGolden/16-byteobject<40-0000-0000-0000-0000-1000-0000-0000-00>" time elapsed: 00:00:00
----------------------------------------------------------

69/150 Testing: Shape2D/ReduceSumLastdim2DTest.RunnerMatchesGolden/16-byteobject<40-0000-0000-0000-0020-0000-0000-0000-00>
69/150 Test: Shape2D/ReduceSumLastdim2DTest.RunnerMatchesGolden/16-byteobject<40-0000-0000-0000-0020-0000-0000-0000-00>
Command: "/home/developer/workspace/harness/build/host/tests/test_reduce_sum_lastdim" "--gtest_filter=Shape2D/ReduceSumLastdim2DTest.RunnerMatchesGolden/7" "--gtest_also_run_disabled_tests"
Directory: /home/developer/workspace/harness/build/host/tests
"Shape2D/ReduceSumLastdim2DTest.RunnerMatchesGolden/16-byteobject<40-0000-0000-0000-0020-0000-0000-0000-00>" start time: May 22 11:17 CST
Output:
----------------------------------------------------------
Running main() from ./googletest/src/gtest_main.cc
Note: Google Test filter = Shape2D/ReduceSumLastdim2DTest.RunnerMatchesGolden/7
[==========] Running 1 test from 1 test suite.
[----------] Global test environment set-up.
[----------] 1 test from Shape2D/ReduceSumLastdim2DTest
[ RUN      ] Shape2D/ReduceSumLastdim2DTest.RunnerMatchesGolden/7
[       OK ] Shape2D/ReduceSumLastdim2DTest.RunnerMatchesGolden/7 (0 ms)
[----------] 1 test from Shape2D/ReduceSumLastdim2DTest (0 ms total)

[----------] Global test environment tear-down
[==========] 1 test from 1 test suite ran. (0 ms total)
[  PASSED  ] 1 test.
<end of output>
Test time =   0.00 sec
----------------------------------------------------------
Test Passed.
"Shape2D/ReduceSumLastdim2DTest.RunnerMatchesGolden/16-byteobject<40-0000-0000-0000-0020-0000-0000-0000-00>" end time: May 22 11:17 CST
"Shape2D/ReduceSumLastdim2DTest.RunnerMatchesGolden/16-byteobject<40-0000-0000-0000-0020-0000-0000-0000-00>" time elapsed: 00:00:00
----------------------------------------------------------

47/150 Testing: ActivationGeluSiluGolden.GeluSpecValues
47/150 Test: ActivationGeluSiluGolden.GeluSpecValues
Command: "/home/developer/workspace/harness/build/host/tests/test_activation_gelu_silu" "--gtest_filter=ActivationGeluSiluGolden.GeluSpecValues" "--gtest_also_run_disabled_tests"
Directory: /home/developer/workspace/harness/build/host/tests
"ActivationGeluSiluGolden.GeluSpecValues" start time: May 22 11:17 CST
Output:
----------------------------------------------------------
Running main() from ./googletest/src/gtest_main.cc
Note: Google Test filter = ActivationGeluSiluGolden.GeluSpecValues
[==========] Running 1 test from 1 test suite.
[----------] Global test environment set-up.
[----------] 1 test from ActivationGeluSiluGolden
[ RUN      ] ActivationGeluSiluGolden.GeluSpecValues
[       OK ] ActivationGeluSiluGolden.GeluSpecValues (0 ms)
[----------] 1 test from ActivationGeluSiluGolden (0 ms total)

[----------] Global test environment tear-down
[==========] 1 test from 1 test suite ran. (0 ms total)
[  PASSED  ] 1 test.
<end of output>
Test time =   0.00 sec
----------------------------------------------------------
Test Passed.
"ActivationGeluSiluGolden.GeluSpecValues" end time: May 22 11:17 CST
"ActivationGeluSiluGolden.GeluSpecValues" time elapsed: 00:00:00
----------------------------------------------------------

58/150 Testing: ReduceSumLastdimGolden.AllOnesLargeK
58/150 Test: ReduceSumLastdimGolden.AllOnesLargeK
Command: "/home/developer/workspace/harness/build/host/tests/test_reduce_sum_lastdim" "--gtest_filter=ReduceSumLastdimGolden.AllOnesLargeK" "--gtest_also_run_disabled_tests"
Directory: /home/developer/workspace/harness/build/host/tests
"ReduceSumLastdimGolden.AllOnesLargeK" start time: May 22 11:17 CST
Output:
----------------------------------------------------------
Running main() from ./googletest/src/gtest_main.cc
Note: Google Test filter = ReduceSumLastdimGolden.AllOnesLargeK
[==========] Running 1 test from 1 test suite.
[----------] Global test environment set-up.
[----------] 1 test from ReduceSumLastdimGolden
[ RUN      ] ReduceSumLastdimGolden.AllOnesLargeK
[       OK ] ReduceSumLastdimGolden.AllOnesLargeK (0 ms)
[----------] 1 test from ReduceSumLastdimGolden (0 ms total)

[----------] Global test environment tear-down
[==========] 1 test from 1 test suite ran. (0 ms total)
[  PASSED  ] 1 test.
<end of output>
Test time =   0.00 sec
----------------------------------------------------------
Test Passed.
"ReduceSumLastdimGolden.AllOnesLargeK" end time: May 22 11:17 CST
"ReduceSumLastdimGolden.AllOnesLargeK" time elapsed: 00:00:00
----------------------------------------------------------

91/150 Testing: Transpose4DTest.NHWC2NCHW_1x3x224x224
91/150 Test: Transpose4DTest.NHWC2NCHW_1x3x224x224
Command: "/home/developer/workspace/harness/build/host/tests/test_transpose_2d_4d" "--gtest_filter=Transpose4DTest.NHWC2NCHW_1x3x224x224" "--gtest_also_run_disabled_tests"
Directory: /home/developer/workspace/harness/build/host/tests
"Transpose4DTest.NHWC2NCHW_1x3x224x224" start time: May 22 11:17 CST
Output:
----------------------------------------------------------
Running main() from ./googletest/src/gtest_main.cc
Note: Google Test filter = Transpose4DTest.NHWC2NCHW_1x3x224x224
[==========] Running 1 test from 1 test suite.
[----------] Global test environment set-up.
[----------] 1 test from Transpose4DTest
[ RUN      ] Transpose4DTest.NHWC2NCHW_1x3x224x224
[       OK ] Transpose4DTest.NHWC2NCHW_1x3x224x224 (1 ms)
[----------] 1 test from Transpose4DTest (1 ms total)

[----------] Global test environment tear-down
[==========] 1 test from 1 test suite ran. (1 ms total)
[  PASSED  ] 1 test.
<end of output>
Test time =   0.00 sec
----------------------------------------------------------
Test Passed.
"Transpose4DTest.NHWC2NCHW_1x3x224x224" end time: May 22 11:17 CST
"Transpose4DTest.NHWC2NCHW_1x3x224x224" time elapsed: 00:00:00
----------------------------------------------------------

94/150 Testing: Transpose4DTest.RoundTrip_1x3x224x224
94/150 Test: Transpose4DTest.RoundTrip_1x3x224x224
Command: "/home/developer/workspace/harness/build/host/tests/test_transpose_2d_4d" "--gtest_filter=Transpose4DTest.RoundTrip_1x3x224x224" "--gtest_also_run_disabled_tests"
Directory: /home/developer/workspace/harness/build/host/tests
"Transpose4DTest.RoundTrip_1x3x224x224" start time: May 22 11:17 CST
Output:
----------------------------------------------------------
Running main() from ./googletest/src/gtest_main.cc
Note: Google Test filter = Transpose4DTest.RoundTrip_1x3x224x224
[==========] Running 1 test from 1 test suite.
[----------] Global test environment set-up.
[----------] 1 test from Transpose4DTest
[ RUN      ] Transpose4DTest.RoundTrip_1x3x224x224
[       OK ] Transpose4DTest.RoundTrip_1x3x224x224 (1 ms)
[----------] 1 test from Transpose4DTest (1 ms total)

[----------] Global test environment tear-down
[==========] 1 test from 1 test suite ran. (1 ms total)
[  PASSED  ] 1 test.
<end of output>
Test time =   0.00 sec
----------------------------------------------------------
Test Passed.
"Transpose4DTest.RoundTrip_1x3x224x224" end time: May 22 11:17 CST
"Transpose4DTest.RoundTrip_1x3x224x224" time elapsed: 00:00:00
----------------------------------------------------------

78/150 Testing: Transpose2DTest.Float2D_1x1
78/150 Test: Transpose2DTest.Float2D_1x1
Command: "/home/developer/workspace/harness/build/host/tests/test_transpose_2d_4d" "--gtest_filter=Transpose2DTest.Float2D_1x1" "--gtest_also_run_disabled_tests"
Directory: /home/developer/workspace/harness/build/host/tests
"Transpose2DTest.Float2D_1x1" start time: May 22 11:17 CST
Output:
----------------------------------------------------------
Running main() from ./googletest/src/gtest_main.cc
Note: Google Test filter = Transpose2DTest.Float2D_1x1
[==========] Running 1 test from 1 test suite.
[----------] Global test environment set-up.
[----------] 1 test from Transpose2DTest
[ RUN      ] Transpose2DTest.Float2D_1x1
[       OK ] Transpose2DTest.Float2D_1x1 (0 ms)
[----------] 1 test from Transpose2DTest (0 ms total)

[----------] Global test environment tear-down
[==========] 1 test from 1 test suite ran. (0 ms total)
[  PASSED  ] 1 test.
<end of output>
Test time =   0.00 sec
----------------------------------------------------------
Test Passed.
"Transpose2DTest.Float2D_1x1" end time: May 22 11:17 CST
"Transpose2DTest.Float2D_1x1" time elapsed: 00:00:00
----------------------------------------------------------

118/150 Testing: MatmulBiasTest.NoBias_M256_N16_K64
118/150 Test: MatmulBiasTest.NoBias_M256_N16_K64
Command: "/home/developer/workspace/harness/build/host/tests/test_matmul_bias" "--gtest_filter=MatmulBiasTest.NoBias_M256_N16_K64" "--gtest_also_run_disabled_tests"
Directory: /home/developer/workspace/harness/build/host/tests
"MatmulBiasTest.NoBias_M256_N16_K64" start time: May 22 11:17 CST
Output:
----------------------------------------------------------
Running main() from ./googletest/src/gtest_main.cc
Note: Google Test filter = MatmulBiasTest.NoBias_M256_N16_K64
[==========] Running 1 test from 1 test suite.
[----------] Global test environment set-up.
[----------] 1 test from MatmulBiasTest
[ RUN      ] MatmulBiasTest.NoBias_M256_N16_K64
[       OK ] MatmulBiasTest.NoBias_M256_N16_K64 (0 ms)
[----------] 1 test from MatmulBiasTest (0 ms total)

[----------] Global test environment tear-down
[==========] 1 test from 1 test suite ran. (0 ms total)
[  PASSED  ] 1 test.
<end of output>
Test time =   0.00 sec
----------------------------------------------------------
Test Passed.
"MatmulBiasTest.NoBias_M256_N16_K64" end time: May 22 11:17 CST
"MatmulBiasTest.NoBias_M256_N16_K64" time elapsed: 00:00:00
----------------------------------------------------------

56/150 Testing: ReduceSumLastdimGolden.SingleElementReduction
56/150 Test: ReduceSumLastdimGolden.SingleElementReduction
Command: "/home/developer/workspace/harness/build/host/tests/test_reduce_sum_lastdim" "--gtest_filter=ReduceSumLastdimGolden.SingleElementReduction" "--gtest_also_run_disabled_tests"
Directory: /home/developer/workspace/harness/build/host/tests
"ReduceSumLastdimGolden.SingleElementReduction" start time: May 22 11:17 CST
Output:
----------------------------------------------------------
Running main() from ./googletest/src/gtest_main.cc
Note: Google Test filter = ReduceSumLastdimGolden.SingleElementReduction
[==========] Running 1 test from 1 test suite.
[----------] Global test environment set-up.
[----------] 1 test from ReduceSumLastdimGolden
[ RUN      ] ReduceSumLastdimGolden.SingleElementReduction
[       OK ] ReduceSumLastdimGolden.SingleElementReduction (0 ms)
[----------] 1 test from ReduceSumLastdimGolden (0 ms total)

[----------] Global test environment tear-down
[==========] 1 test from 1 test suite ran. (0 ms total)
[  PASSED  ] 1 test.
<end of output>
Test time =   0.00 sec
----------------------------------------------------------
Test Passed.
"ReduceSumLastdimGolden.SingleElementReduction" end time: May 22 11:17 CST
"ReduceSumLastdimGolden.SingleElementReduction" time elapsed: 00:00:00
----------------------------------------------------------

88/150 Testing: Transpose4DTest.NCHW2NHWC_1x3x224x224
88/150 Test: Transpose4DTest.NCHW2NHWC_1x3x224x224
Command: "/home/developer/workspace/harness/build/host/tests/test_transpose_2d_4d" "--gtest_filter=Transpose4DTest.NCHW2NHWC_1x3x224x224" "--gtest_also_run_disabled_tests"
Directory: /home/developer/workspace/harness/build/host/tests
"Transpose4DTest.NCHW2NHWC_1x3x224x224" start time: May 22 11:17 CST
Output:
----------------------------------------------------------
Running main() from ./googletest/src/gtest_main.cc
Note: Google Test filter = Transpose4DTest.NCHW2NHWC_1x3x224x224
[==========] Running 1 test from 1 test suite.
[----------] Global test environment set-up.
[----------] 1 test from Transpose4DTest
[ RUN      ] Transpose4DTest.NCHW2NHWC_1x3x224x224
[       OK ] Transpose4DTest.NCHW2NHWC_1x3x224x224 (1 ms)
[----------] 1 test from Transpose4DTest (1 ms total)

[----------] Global test environment tear-down
[==========] 1 test from 1 test suite ran. (1 ms total)
[  PASSED  ] 1 test.
<end of output>
Test time =   0.00 sec
----------------------------------------------------------
Test Passed.
"Transpose4DTest.NCHW2NHWC_1x3x224x224" end time: May 22 11:17 CST
"Transpose4DTest.NCHW2NHWC_1x3x224x224" time elapsed: 00:00:00
----------------------------------------------------------

65/150 Testing: Shape2D/ReduceSumLastdim2DTest.RunnerMatchesGolden/16-byteobject<01-0000-0000-0000-0080-0000-0000-0000-00>
65/150 Test: Shape2D/ReduceSumLastdim2DTest.RunnerMatchesGolden/16-byteobject<01-0000-0000-0000-0080-0000-0000-0000-00>
Command: "/home/developer/workspace/harness/build/host/tests/test_reduce_sum_lastdim" "--gtest_filter=Shape2D/ReduceSumLastdim2DTest.RunnerMatchesGolden/3" "--gtest_also_run_disabled_tests"
Directory: /home/developer/workspace/harness/build/host/tests
"Shape2D/ReduceSumLastdim2DTest.RunnerMatchesGolden/16-byteobject<01-0000-0000-0000-0080-0000-0000-0000-00>" start time: May 22 11:17 CST
Output:
----------------------------------------------------------
Running main() from ./googletest/src/gtest_main.cc
Note: Google Test filter = Shape2D/ReduceSumLastdim2DTest.RunnerMatchesGolden/3
[==========] Running 1 test from 1 test suite.
[----------] Global test environment set-up.
[----------] 1 test from Shape2D/ReduceSumLastdim2DTest
[ RUN      ] Shape2D/ReduceSumLastdim2DTest.RunnerMatchesGolden/3
[       OK ] Shape2D/ReduceSumLastdim2DTest.RunnerMatchesGolden/3 (0 ms)
[----------] 1 test from Shape2D/ReduceSumLastdim2DTest (0 ms total)

[----------] Global test environment tear-down
[==========] 1 test from 1 test suite ran. (0 ms total)
[  PASSED  ] 1 test.
<end of output>
Test time =   0.00 sec
----------------------------------------------------------
Test Passed.
"Shape2D/ReduceSumLastdim2DTest.RunnerMatchesGolden/16-byteobject<01-0000-0000-0000-0080-0000-0000-0000-00>" end time: May 22 11:17 CST
"Shape2D/ReduceSumLastdim2DTest.RunnerMatchesGolden/16-byteobject<01-0000-0000-0000-0080-0000-0000-0000-00>" time elapsed: 00:00:00
----------------------------------------------------------

133/150 Testing: RMSNormRoPETest.B1_S16_H128_R64
133/150 Test: RMSNormRoPETest.B1_S16_H128_R64
Command: "/home/developer/workspace/harness/build/host/tests/test_rms_norm_rope_fused" "--gtest_filter=RMSNormRoPETest.B1_S16_H128_R64" "--gtest_also_run_disabled_tests"
Directory: /home/developer/workspace/harness/build/host/tests
"RMSNormRoPETest.B1_S16_H128_R64" start time: May 22 11:17 CST
Output:
----------------------------------------------------------
Running main() from ./googletest/src/gtest_main.cc
Note: Google Test filter = RMSNormRoPETest.B1_S16_H128_R64
[==========] Running 1 test from 1 test suite.
[----------] Global test environment set-up.
[----------] 1 test from RMSNormRoPETest
[ RUN      ] RMSNormRoPETest.B1_S16_H128_R64
[       OK ] RMSNormRoPETest.B1_S16_H128_R64 (0 ms)
[----------] 1 test from RMSNormRoPETest (0 ms total)

[----------] Global test environment tear-down
[==========] 1 test from 1 test suite ran. (0 ms total)
[  PASSED  ] 1 test.
<end of output>
Test time =   0.00 sec
----------------------------------------------------------
Test Passed.
"RMSNormRoPETest.B1_S16_H128_R64" end time: May 22 11:17 CST
"RMSNormRoPETest.B1_S16_H128_R64" time elapsed: 00:00:00
----------------------------------------------------------

131/150 Testing: MatmulBiasTest.IdentityNoBias
131/150 Test: MatmulBiasTest.IdentityNoBias
Command: "/home/developer/workspace/harness/build/host/tests/test_matmul_bias" "--gtest_filter=MatmulBiasTest.IdentityNoBias" "--gtest_also_run_disabled_tests"
Directory: /home/developer/workspace/harness/build/host/tests
"MatmulBiasTest.IdentityNoBias" start time: May 22 11:17 CST
Output:
----------------------------------------------------------
Running main() from ./googletest/src/gtest_main.cc
Note: Google Test filter = MatmulBiasTest.IdentityNoBias
[==========] Running 1 test from 1 test suite.
[----------] Global test environment set-up.
[----------] 1 test from MatmulBiasTest
[ RUN      ] MatmulBiasTest.IdentityNoBias
[       OK ] MatmulBiasTest.IdentityNoBias (0 ms)
[----------] 1 test from MatmulBiasTest (0 ms total)

[----------] Global test environment tear-down
[==========] 1 test from 1 test suite ran. (0 ms total)
[  PASSED  ] 1 test.
<end of output>
Test time =   0.00 sec
----------------------------------------------------------
Test Passed.
"MatmulBiasTest.IdentityNoBias" end time: May 22 11:17 CST
"MatmulBiasTest.IdentityNoBias" time elapsed: 00:00:00
----------------------------------------------------------

120/150 Testing: MatmulBiasTest.WithBias_M1_N1_K1
120/150 Test: MatmulBiasTest.WithBias_M1_N1_K1
Command: "/home/developer/workspace/harness/build/host/tests/test_matmul_bias" "--gtest_filter=MatmulBiasTest.WithBias_M1_N1_K1" "--gtest_also_run_disabled_tests"
Directory: /home/developer/workspace/harness/build/host/tests
"MatmulBiasTest.WithBias_M1_N1_K1" start time: May 22 11:17 CST
Output:
----------------------------------------------------------
Running main() from ./googletest/src/gtest_main.cc
Note: Google Test filter = MatmulBiasTest.WithBias_M1_N1_K1
[==========] Running 1 test from 1 test suite.
[----------] Global test environment set-up.
[----------] 1 test from MatmulBiasTest
[ RUN      ] MatmulBiasTest.WithBias_M1_N1_K1
[       OK ] MatmulBiasTest.WithBias_M1_N1_K1 (0 ms)
[----------] 1 test from MatmulBiasTest (0 ms total)

[----------] Global test environment tear-down
[==========] 1 test from 1 test suite ran. (0 ms total)
[  PASSED  ] 1 test.
<end of output>
Test time =   0.00 sec
----------------------------------------------------------
Test Passed.
"MatmulBiasTest.WithBias_M1_N1_K1" end time: May 22 11:17 CST
"MatmulBiasTest.WithBias_M1_N1_K1" time elapsed: 00:00:00
----------------------------------------------------------

46/150 Testing: ActivationGeluSiluGolden.SiluKnownValues
46/150 Test: ActivationGeluSiluGolden.SiluKnownValues
Command: "/home/developer/workspace/harness/build/host/tests/test_activation_gelu_silu" "--gtest_filter=ActivationGeluSiluGolden.SiluKnownValues" "--gtest_also_run_disabled_tests"
Directory: /home/developer/workspace/harness/build/host/tests
"ActivationGeluSiluGolden.SiluKnownValues" start time: May 22 11:17 CST
Output:
----------------------------------------------------------
Running main() from ./googletest/src/gtest_main.cc
Note: Google Test filter = ActivationGeluSiluGolden.SiluKnownValues
[==========] Running 1 test from 1 test suite.
[----------] Global test environment set-up.
[----------] 1 test from ActivationGeluSiluGolden
[ RUN      ] ActivationGeluSiluGolden.SiluKnownValues
[       OK ] ActivationGeluSiluGolden.SiluKnownValues (0 ms)
[----------] 1 test from ActivationGeluSiluGolden (0 ms total)

[----------] Global test environment tear-down
[==========] 1 test from 1 test suite ran. (0 ms total)
[  PASSED  ] 1 test.
<end of output>
Test time =   0.00 sec
----------------------------------------------------------
Test Passed.
"ActivationGeluSiluGolden.SiluKnownValues" end time: May 22 11:17 CST
"ActivationGeluSiluGolden.SiluKnownValues" time elapsed: 00:00:00
----------------------------------------------------------

101/150 Testing: LayerNormTest.Dim128_M1
101/150 Test: LayerNormTest.Dim128_M1
Command: "/home/developer/workspace/harness/build/host/tests/test_layer_norm" "--gtest_filter=LayerNormTest.Dim128_M1" "--gtest_also_run_disabled_tests"
Directory: /home/developer/workspace/harness/build/host/tests
"LayerNormTest.Dim128_M1" start time: May 22 11:17 CST
Output:
----------------------------------------------------------
Running main() from ./googletest/src/gtest_main.cc
Note: Google Test filter = LayerNormTest.Dim128_M1
[==========] Running 1 test from 1 test suite.
[----------] Global test environment set-up.
[----------] 1 test from LayerNormTest
[ RUN      ] LayerNormTest.Dim128_M1
[       OK ] LayerNormTest.Dim128_M1 (0 ms)
[----------] 1 test from LayerNormTest (0 ms total)

[----------] Global test environment tear-down
[==========] 1 test from 1 test suite ran. (0 ms total)
[  PASSED  ] 1 test.
<end of output>
Test time =   0.00 sec
----------------------------------------------------------
Test Passed.
"LayerNormTest.Dim128_M1" end time: May 22 11:17 CST
"LayerNormTest.Dim128_M1" time elapsed: 00:00:00
----------------------------------------------------------

68/150 Testing: Shape2D/ReduceSumLastdim2DTest.RunnerMatchesGolden/16-byteobject<03-0000-0000-0000-0080-0000-0000-0000-00>
68/150 Test: Shape2D/ReduceSumLastdim2DTest.RunnerMatchesGolden/16-byteobject<03-0000-0000-0000-0080-0000-0000-0000-00>
Command: "/home/developer/workspace/harness/build/host/tests/test_reduce_sum_lastdim" "--gtest_filter=Shape2D/ReduceSumLastdim2DTest.RunnerMatchesGolden/6" "--gtest_also_run_disabled_tests"
Directory: /home/developer/workspace/harness/build/host/tests
"Shape2D/ReduceSumLastdim2DTest.RunnerMatchesGolden/16-byteobject<03-0000-0000-0000-0080-0000-0000-0000-00>" start time: May 22 11:17 CST
Output:
----------------------------------------------------------
Running main() from ./googletest/src/gtest_main.cc
Note: Google Test filter = Shape2D/ReduceSumLastdim2DTest.RunnerMatchesGolden/6
[==========] Running 1 test from 1 test suite.
[----------] Global test environment set-up.
[----------] 1 test from Shape2D/ReduceSumLastdim2DTest
[ RUN      ] Shape2D/ReduceSumLastdim2DTest.RunnerMatchesGolden/6
[       OK ] Shape2D/ReduceSumLastdim2DTest.RunnerMatchesGolden/6 (0 ms)
[----------] 1 test from Shape2D/ReduceSumLastdim2DTest (0 ms total)

[----------] Global test environment tear-down
[==========] 1 test from 1 test suite ran. (0 ms total)
[  PASSED  ] 1 test.
<end of output>
Test time =   0.00 sec
----------------------------------------------------------
Test Passed.
"Shape2D/ReduceSumLastdim2DTest.RunnerMatchesGolden/16-byteobject<03-0000-0000-0000-0080-0000-0000-0000-00>" end time: May 22 11:17 CST
"Shape2D/ReduceSumLastdim2DTest.RunnerMatchesGolden/16-byteobject<03-0000-0000-0000-0080-0000-0000-0000-00>" time elapsed: 00:00:00
----------------------------------------------------------

99/150 Testing: LayerNormTest.Dim16_M1
99/150 Test: LayerNormTest.Dim16_M1
Command: "/home/developer/workspace/harness/build/host/tests/test_layer_norm" "--gtest_filter=LayerNormTest.Dim16_M1" "--gtest_also_run_disabled_tests"
Directory: /home/developer/workspace/harness/build/host/tests
"LayerNormTest.Dim16_M1" start time: May 22 11:17 CST
Output:
----------------------------------------------------------
Running main() from ./googletest/src/gtest_main.cc
Note: Google Test filter = LayerNormTest.Dim16_M1
[==========] Running 1 test from 1 test suite.
[----------] Global test environment set-up.
[----------] 1 test from LayerNormTest
[ RUN      ] LayerNormTest.Dim16_M1
[       OK ] LayerNormTest.Dim16_M1 (0 ms)
[----------] 1 test from LayerNormTest (0 ms total)

[----------] Global test environment tear-down
[==========] 1 test from 1 test suite ran. (0 ms total)
[  PASSED  ] 1 test.
<end of output>
Test time =   0.00 sec
----------------------------------------------------------
Test Passed.
"LayerNormTest.Dim16_M1" end time: May 22 11:17 CST
"LayerNormTest.Dim16_M1" time elapsed: 00:00:00
----------------------------------------------------------

3/150 Testing: ElementwiseAddGolden.Negatives
3/150 Test: ElementwiseAddGolden.Negatives
Command: "/home/developer/workspace/harness/build/host/tests/test_elementwise_add" "--gtest_filter=ElementwiseAddGolden.Negatives" "--gtest_also_run_disabled_tests"
Directory: /home/developer/workspace/harness/build/host/tests
"ElementwiseAddGolden.Negatives" start time: May 22 11:17 CST
Output:
----------------------------------------------------------
Running main() from ./googletest/src/gtest_main.cc
Note: Google Test filter = ElementwiseAddGolden.Negatives
[==========] Running 1 test from 1 test suite.
[----------] Global test environment set-up.
[----------] 1 test from ElementwiseAddGolden
[ RUN      ] ElementwiseAddGolden.Negatives
[       OK ] ElementwiseAddGolden.Negatives (0 ms)
[----------] 1 test from ElementwiseAddGolden (0 ms total)

[----------] Global test environment tear-down
[==========] 1 test from 1 test suite ran. (0 ms total)
[  PASSED  ] 1 test.
<end of output>
Test time =   0.00 sec
----------------------------------------------------------
Test Passed.
"ElementwiseAddGolden.Negatives" end time: May 22 11:17 CST
"ElementwiseAddGolden.Negatives" time elapsed: 00:00:00
----------------------------------------------------------

63/150 Testing: Shape2D/ReduceSumLastdim2DTest.RunnerMatchesGolden/16-byteobject<01-0000-0000-0000-0007-0000-0000-0000-00>
63/150 Test: Shape2D/ReduceSumLastdim2DTest.RunnerMatchesGolden/16-byteobject<01-0000-0000-0000-0007-0000-0000-0000-00>
Command: "/home/developer/workspace/harness/build/host/tests/test_reduce_sum_lastdim" "--gtest_filter=Shape2D/ReduceSumLastdim2DTest.RunnerMatchesGolden/1" "--gtest_also_run_disabled_tests"
Directory: /home/developer/workspace/harness/build/host/tests
"Shape2D/ReduceSumLastdim2DTest.RunnerMatchesGolden/16-byteobject<01-0000-0000-0000-0007-0000-0000-0000-00>" start time: May 22 11:17 CST
Output:
----------------------------------------------------------
Running main() from ./googletest/src/gtest_main.cc
Note: Google Test filter = Shape2D/ReduceSumLastdim2DTest.RunnerMatchesGolden/1
[==========] Running 1 test from 1 test suite.
[----------] Global test environment set-up.
[----------] 1 test from Shape2D/ReduceSumLastdim2DTest
[ RUN      ] Shape2D/ReduceSumLastdim2DTest.RunnerMatchesGolden/1
[       OK ] Shape2D/ReduceSumLastdim2DTest.RunnerMatchesGolden/1 (0 ms)
[----------] 1 test from Shape2D/ReduceSumLastdim2DTest (0 ms total)

[----------] Global test environment tear-down
[==========] 1 test from 1 test suite ran. (0 ms total)
[  PASSED  ] 1 test.
<end of output>
Test time =   0.00 sec
----------------------------------------------------------
Test Passed.
"Shape2D/ReduceSumLastdim2DTest.RunnerMatchesGolden/16-byteobject<01-0000-0000-0000-0007-0000-0000-0000-00>" end time: May 22 11:17 CST
"Shape2D/ReduceSumLastdim2DTest.RunnerMatchesGolden/16-byteobject<01-0000-0000-0000-0007-0000-0000-0000-00>" time elapsed: 00:00:00
----------------------------------------------------------

132/150 Testing: RMSNormRoPETest.B1_S1_H64_R32
132/150 Test: RMSNormRoPETest.B1_S1_H64_R32
Command: "/home/developer/workspace/harness/build/host/tests/test_rms_norm_rope_fused" "--gtest_filter=RMSNormRoPETest.B1_S1_H64_R32" "--gtest_also_run_disabled_tests"
Directory: /home/developer/workspace/harness/build/host/tests
"RMSNormRoPETest.B1_S1_H64_R32" start time: May 22 11:17 CST
Output:
----------------------------------------------------------
Running main() from ./googletest/src/gtest_main.cc
Note: Google Test filter = RMSNormRoPETest.B1_S1_H64_R32
[==========] Running 1 test from 1 test suite.
[----------] Global test environment set-up.
[----------] 1 test from RMSNormRoPETest
[ RUN      ] RMSNormRoPETest.B1_S1_H64_R32
[       OK ] RMSNormRoPETest.B1_S1_H64_R32 (0 ms)
[----------] 1 test from RMSNormRoPETest (0 ms total)

[----------] Global test environment tear-down
[==========] 1 test from 1 test suite ran. (0 ms total)
[  PASSED  ] 1 test.
<end of output>
Test time =   0.00 sec
----------------------------------------------------------
Test Passed.
"RMSNormRoPETest.B1_S1_H64_R32" end time: May 22 11:17 CST
"RMSNormRoPETest.B1_S1_H64_R32" time elapsed: 00:00:00
----------------------------------------------------------

64/150 Testing: Shape2D/ReduceSumLastdim2DTest.RunnerMatchesGolden/16-byteobject<01-0000-0000-0000-0020-0000-0000-0000-00>
64/150 Test: Shape2D/ReduceSumLastdim2DTest.RunnerMatchesGolden/16-byteobject<01-0000-0000-0000-0020-0000-0000-0000-00>
Command: "/home/developer/workspace/harness/build/host/tests/test_reduce_sum_lastdim" "--gtest_filter=Shape2D/ReduceSumLastdim2DTest.RunnerMatchesGolden/2" "--gtest_also_run_disabled_tests"
Directory: /home/developer/workspace/harness/build/host/tests
"Shape2D/ReduceSumLastdim2DTest.RunnerMatchesGolden/16-byteobject<01-0000-0000-0000-0020-0000-0000-0000-00>" start time: May 22 11:17 CST
Output:
----------------------------------------------------------
Running main() from ./googletest/src/gtest_main.cc
Note: Google Test filter = Shape2D/ReduceSumLastdim2DTest.RunnerMatchesGolden/2
[==========] Running 1 test from 1 test suite.
[----------] Global test environment set-up.
[----------] 1 test from Shape2D/ReduceSumLastdim2DTest
[ RUN      ] Shape2D/ReduceSumLastdim2DTest.RunnerMatchesGolden/2
[       OK ] Shape2D/ReduceSumLastdim2DTest.RunnerMatchesGolden/2 (0 ms)
[----------] 1 test from Shape2D/ReduceSumLastdim2DTest (0 ms total)

[----------] Global test environment tear-down
[==========] 1 test from 1 test suite ran. (0 ms total)
[  PASSED  ] 1 test.
<end of output>
Test time =   0.00 sec
----------------------------------------------------------
Test Passed.
"Shape2D/ReduceSumLastdim2DTest.RunnerMatchesGolden/16-byteobject<01-0000-0000-0000-0020-0000-0000-0000-00>" end time: May 22 11:17 CST
"Shape2D/ReduceSumLastdim2DTest.RunnerMatchesGolden/16-byteobject<01-0000-0000-0000-0020-0000-0000-0000-00>" time elapsed: 00:00:00
----------------------------------------------------------

59/150 Testing: ReduceSumLastdim.SingleElement2D
59/150 Test: ReduceSumLastdim.SingleElement2D
Command: "/home/developer/workspace/harness/build/host/tests/test_reduce_sum_lastdim" "--gtest_filter=ReduceSumLastdim.SingleElement2D" "--gtest_also_run_disabled_tests"
Directory: /home/developer/workspace/harness/build/host/tests
"ReduceSumLastdim.SingleElement2D" start time: May 22 11:17 CST
Output:
----------------------------------------------------------
Running main() from ./googletest/src/gtest_main.cc
Note: Google Test filter = ReduceSumLastdim.SingleElement2D
[==========] Running 1 test from 1 test suite.
[----------] Global test environment set-up.
[----------] 1 test from ReduceSumLastdim
[ RUN      ] ReduceSumLastdim.SingleElement2D
[       OK ] ReduceSumLastdim.SingleElement2D (0 ms)
[----------] 1 test from ReduceSumLastdim (0 ms total)

[----------] Global test environment tear-down
[==========] 1 test from 1 test suite ran. (0 ms total)
[  PASSED  ] 1 test.
<end of output>
Test time =   0.00 sec
----------------------------------------------------------
Test Passed.
"ReduceSumLastdim.SingleElement2D" end time: May 22 11:17 CST
"ReduceSumLastdim.SingleElement2D" time elapsed: 00:00:00
----------------------------------------------------------

121/150 Testing: MatmulBiasTest.WithBias_M16_N16_K16
121/150 Test: MatmulBiasTest.WithBias_M16_N16_K16
Command: "/home/developer/workspace/harness/build/host/tests/test_matmul_bias" "--gtest_filter=MatmulBiasTest.WithBias_M16_N16_K16" "--gtest_also_run_disabled_tests"
Directory: /home/developer/workspace/harness/build/host/tests
"MatmulBiasTest.WithBias_M16_N16_K16" start time: May 22 11:17 CST
Output:
----------------------------------------------------------
Running main() from ./googletest/src/gtest_main.cc
Note: Google Test filter = MatmulBiasTest.WithBias_M16_N16_K16
[==========] Running 1 test from 1 test suite.
[----------] Global test environment set-up.
[----------] 1 test from MatmulBiasTest
[ RUN      ] MatmulBiasTest.WithBias_M16_N16_K16
[       OK ] MatmulBiasTest.WithBias_M16_N16_K16 (0 ms)
[----------] 1 test from MatmulBiasTest (0 ms total)

[----------] Global test environment tear-down
[==========] 1 test from 1 test suite ran. (0 ms total)
[  PASSED  ] 1 test.
<end of output>
Test time =   0.00 sec
----------------------------------------------------------
Test Passed.
"MatmulBiasTest.WithBias_M16_N16_K16" end time: May 22 11:17 CST
"MatmulBiasTest.WithBias_M16_N16_K16" time elapsed: 00:00:00
----------------------------------------------------------

73/150 Testing: Shape3D/ReduceSumLastdim3DTest.RunnerMatchesGolden/24-byteobject<02-0000-0000-0000-0003-0000-0000-0000-0080-0000-0000-0000-00>
73/150 Test: Shape3D/ReduceSumLastdim3DTest.RunnerMatchesGolden/24-byteobject<02-0000-0000-0000-0003-0000-0000-0000-0080-0000-0000-0000-00>
Command: "/home/developer/workspace/harness/build/host/tests/test_reduce_sum_lastdim" "--gtest_filter=Shape3D/ReduceSumLastdim3DTest.RunnerMatchesGolden/1" "--gtest_also_run_disabled_tests"
Directory: /home/developer/workspace/harness/build/host/tests
"Shape3D/ReduceSumLastdim3DTest.RunnerMatchesGolden/24-byteobject<02-0000-0000-0000-0003-0000-0000-0000-0080-0000-0000-0000-00>" start time: May 22 11:17 CST
Output:
----------------------------------------------------------
Running main() from ./googletest/src/gtest_main.cc
Note: Google Test filter = Shape3D/ReduceSumLastdim3DTest.RunnerMatchesGolden/1
[==========] Running 1 test from 1 test suite.
[----------] Global test environment set-up.
[----------] 1 test from Shape3D/ReduceSumLastdim3DTest
[ RUN      ] Shape3D/ReduceSumLastdim3DTest.RunnerMatchesGolden/1
[       OK ] Shape3D/ReduceSumLastdim3DTest.RunnerMatchesGolden/1 (0 ms)
[----------] 1 test from Shape3D/ReduceSumLastdim3DTest (0 ms total)

[----------] Global test environment tear-down
[==========] 1 test from 1 test suite ran. (0 ms total)
[  PASSED  ] 1 test.
<end of output>
Test time =   0.00 sec
----------------------------------------------------------
Test Passed.
"Shape3D/ReduceSumLastdim3DTest.RunnerMatchesGolden/24-byteobject<02-0000-0000-0000-0003-0000-0000-0000-0080-0000-0000-0000-00>" end time: May 22 11:17 CST
"Shape3D/ReduceSumLastdim3DTest.RunnerMatchesGolden/24-byteobject<02-0000-0000-0000-0003-0000-0000-0000-0080-0000-0000-0000-00>" time elapsed: 00:00:00
----------------------------------------------------------

96/150 Testing: Transpose4DTest.RoundTrip_4x7x13x17
96/150 Test: Transpose4DTest.RoundTrip_4x7x13x17
Command: "/home/developer/workspace/harness/build/host/tests/test_transpose_2d_4d" "--gtest_filter=Transpose4DTest.RoundTrip_4x7x13x17" "--gtest_also_run_disabled_tests"
Directory: /home/developer/workspace/harness/build/host/tests
"Transpose4DTest.RoundTrip_4x7x13x17" start time: May 22 11:17 CST
Output:
----------------------------------------------------------
Running main() from ./googletest/src/gtest_main.cc
Note: Google Test filter = Transpose4DTest.RoundTrip_4x7x13x17
[==========] Running 1 test from 1 test suite.
[----------] Global test environment set-up.
[----------] 1 test from Transpose4DTest
[ RUN      ] Transpose4DTest.RoundTrip_4x7x13x17
[       OK ] Transpose4DTest.RoundTrip_4x7x13x17 (0 ms)
[----------] 1 test from Transpose4DTest (0 ms total)

[----------] Global test environment tear-down
[==========] 1 test from 1 test suite ran. (0 ms total)
[  PASSED  ] 1 test.
<end of output>
Test time =   0.00 sec
----------------------------------------------------------
Test Passed.
"Transpose4DTest.RoundTrip_4x7x13x17" end time: May 22 11:17 CST
"Transpose4DTest.RoundTrip_4x7x13x17" time elapsed: 00:00:00
----------------------------------------------------------

122/150 Testing: MatmulBiasTest.WithBias_M64_N128_K32
122/150 Test: MatmulBiasTest.WithBias_M64_N128_K32
Command: "/home/developer/workspace/harness/build/host/tests/test_matmul_bias" "--gtest_filter=MatmulBiasTest.WithBias_M64_N128_K32" "--gtest_also_run_disabled_tests"
Directory: /home/developer/workspace/harness/build/host/tests
"MatmulBiasTest.WithBias_M64_N128_K32" start time: May 22 11:17 CST
Output:
----------------------------------------------------------
Running main() from ./googletest/src/gtest_main.cc
Note: Google Test filter = MatmulBiasTest.WithBias_M64_N128_K32
[==========] Running 1 test from 1 test suite.
[----------] Global test environment set-up.
[----------] 1 test from MatmulBiasTest
[ RUN      ] MatmulBiasTest.WithBias_M64_N128_K32
[       OK ] MatmulBiasTest.WithBias_M64_N128_K32 (0 ms)
[----------] 1 test from MatmulBiasTest (0 ms total)

[----------] Global test environment tear-down
[==========] 1 test from 1 test suite ran. (0 ms total)
[  PASSED  ] 1 test.
<end of output>
Test time =   0.00 sec
----------------------------------------------------------
Test Passed.
"MatmulBiasTest.WithBias_M64_N128_K32" end time: May 22 11:17 CST
"MatmulBiasTest.WithBias_M64_N128_K32" time elapsed: 00:00:00
----------------------------------------------------------

134/150 Testing: RMSNormRoPETest.B2_S16_H256_R128
134/150 Test: RMSNormRoPETest.B2_S16_H256_R128
Command: "/home/developer/workspace/harness/build/host/tests/test_rms_norm_rope_fused" "--gtest_filter=RMSNormRoPETest.B2_S16_H256_R128" "--gtest_also_run_disabled_tests"
Directory: /home/developer/workspace/harness/build/host/tests
"RMSNormRoPETest.B2_S16_H256_R128" start time: May 22 11:17 CST
Output:
----------------------------------------------------------
Running main() from ./googletest/src/gtest_main.cc
Note: Google Test filter = RMSNormRoPETest.B2_S16_H256_R128
[==========] Running 1 test from 1 test suite.
[----------] Global test environment set-up.
[----------] 1 test from RMSNormRoPETest
[ RUN      ] RMSNormRoPETest.B2_S16_H256_R128
[       OK ] RMSNormRoPETest.B2_S16_H256_R128 (0 ms)
[----------] 1 test from RMSNormRoPETest (0 ms total)

[----------] Global test environment tear-down
[==========] 1 test from 1 test suite ran. (0 ms total)
[  PASSED  ] 1 test.
<end of output>
Test time =   0.00 sec
----------------------------------------------------------
Test Passed.
"RMSNormRoPETest.B2_S16_H256_R128" end time: May 22 11:17 CST
"RMSNormRoPETest.B2_S16_H256_R128" time elapsed: 00:00:00
----------------------------------------------------------

5/150 Testing: ElementwiseAdd.SingleElement
5/150 Test: ElementwiseAdd.SingleElement
Command: "/home/developer/workspace/harness/build/host/tests/test_elementwise_add" "--gtest_filter=ElementwiseAdd.SingleElement" "--gtest_also_run_disabled_tests"
Directory: /home/developer/workspace/harness/build/host/tests
"ElementwiseAdd.SingleElement" start time: May 22 11:17 CST
Output:
----------------------------------------------------------
Running main() from ./googletest/src/gtest_main.cc
Note: Google Test filter = ElementwiseAdd.SingleElement
[==========] Running 1 test from 1 test suite.
[----------] Global test environment set-up.
[----------] 1 test from ElementwiseAdd
[ RUN      ] ElementwiseAdd.SingleElement
[       OK ] ElementwiseAdd.SingleElement (0 ms)
[----------] 1 test from ElementwiseAdd (0 ms total)

[----------] Global test environment tear-down
[==========] 1 test from 1 test suite ran. (0 ms total)
[  PASSED  ] 1 test.
<end of output>
Test time =   0.00 sec
----------------------------------------------------------
Test Passed.
"ElementwiseAdd.SingleElement" end time: May 22 11:17 CST
"ElementwiseAdd.SingleElement" time elapsed: 00:00:00
----------------------------------------------------------

80/150 Testing: Transpose2DTest.Float2D_32x32
80/150 Test: Transpose2DTest.Float2D_32x32
Command: "/home/developer/workspace/harness/build/host/tests/test_transpose_2d_4d" "--gtest_filter=Transpose2DTest.Float2D_32x32" "--gtest_also_run_disabled_tests"
Directory: /home/developer/workspace/harness/build/host/tests
"Transpose2DTest.Float2D_32x32" start time: May 22 11:17 CST
Output:
----------------------------------------------------------
Running main() from ./googletest/src/gtest_main.cc
Note: Google Test filter = Transpose2DTest.Float2D_32x32
[==========] Running 1 test from 1 test suite.
[----------] Global test environment set-up.
[----------] 1 test from Transpose2DTest
[ RUN      ] Transpose2DTest.Float2D_32x32
[       OK ] Transpose2DTest.Float2D_32x32 (0 ms)
[----------] 1 test from Transpose2DTest (0 ms total)

[----------] Global test environment tear-down
[==========] 1 test from 1 test suite ran. (0 ms total)
[  PASSED  ] 1 test.
<end of output>
Test time =   0.00 sec
----------------------------------------------------------
Test Passed.
"Transpose2DTest.Float2D_32x32" end time: May 22 11:17 CST
"Transpose2DTest.Float2D_32x32" time elapsed: 00:00:00
----------------------------------------------------------

51/150 Testing: Shapes/ActivationGeluSiluShapeTest.RunnerMatchesGolden/64-byteobject<00-8A33-CCAA-AA00-0010-8A33-CCAA-AA00-0010-8A33-CCAA-AA00-0068-6B33-CCAA-AA00-0004-0000-0000-0000-0073-696C-7500-0000-0000-4465-6174-6854-6501-0000-0000-0000-00>
51/150 Test: Shapes/ActivationGeluSiluShapeTest.RunnerMatchesGolden/64-byteobject<00-8A33-CCAA-AA00-0010-8A33-CCAA-AA00-0010-8A33-CCAA-AA00-0068-6B33-CCAA-AA00-0004-0000-0000-0000-0073-696C-7500-0000-0000-4465-6174-6854-6501-0000-0000-0000-00>
Command: "/home/developer/workspace/harness/build/host/tests/test_activation_gelu_silu" "--gtest_filter=Shapes/ActivationGeluSiluShapeTest.RunnerMatchesGolden/2" "--gtest_also_run_disabled_tests"
Directory: /home/developer/workspace/harness/build/host/tests
"Shapes/ActivationGeluSiluShapeTest.RunnerMatchesGolden/64-byteobject<00-8A33-CCAA-AA00-0010-8A33-CCAA-AA00-0010-8A33-CCAA-AA00-0068-6B33-CCAA-AA00-0004-0000-0000-0000-0073-696C-7500-0000-0000-4465-6174-6854-6501-0000-0000-0000-00>" start time: May 22 11:17 CST
Output:
----------------------------------------------------------
Running main() from ./googletest/src/gtest_main.cc
Note: Google Test filter = Shapes/ActivationGeluSiluShapeTest.RunnerMatchesGolden/2
[==========] Running 1 test from 1 test suite.
[----------] Global test environment set-up.
[----------] 1 test from Shapes/ActivationGeluSiluShapeTest
[ RUN      ] Shapes/ActivationGeluSiluShapeTest.RunnerMatchesGolden/2
[       OK ] Shapes/ActivationGeluSiluShapeTest.RunnerMatchesGolden/2 (0 ms)
[----------] 1 test from Shapes/ActivationGeluSiluShapeTest (0 ms total)

[----------] Global test environment tear-down
[==========] 1 test from 1 test suite ran. (0 ms total)
[  PASSED  ] 1 test.
<end of output>
Test time =   0.00 sec
----------------------------------------------------------
Test Passed.
"Shapes/ActivationGeluSiluShapeTest.RunnerMatchesGolden/64-byteobject<00-8A33-CCAA-AA00-0010-8A33-CCAA-AA00-0010-8A33-CCAA-AA00-0068-6B33-CCAA-AA00-0004-0000-0000-0000-0073-696C-7500-0000-0000-4465-6174-6854-6501-0000-0000-0000-00>" end time: May 22 11:17 CST
"Shapes/ActivationGeluSiluShapeTest.RunnerMatchesGolden/64-byteobject<00-8A33-CCAA-AA00-0010-8A33-CCAA-AA00-0010-8A33-CCAA-AA00-0068-6B33-CCAA-AA00-0004-0000-0000-0000-0073-696C-7500-0000-0000-4465-6174-6854-6501-0000-0000-0000-00>" time elapsed: 00:00:00
----------------------------------------------------------

62/150 Testing: Shape2D/ReduceSumLastdim2DTest.RunnerMatchesGolden/16-byteobject<01-0000-0000-0000-0001-0000-0000-0000-00>
62/150 Test: Shape2D/ReduceSumLastdim2DTest.RunnerMatchesGolden/16-byteobject<01-0000-0000-0000-0001-0000-0000-0000-00>
Command: "/home/developer/workspace/harness/build/host/tests/test_reduce_sum_lastdim" "--gtest_filter=Shape2D/ReduceSumLastdim2DTest.RunnerMatchesGolden/0" "--gtest_also_run_disabled_tests"
Directory: /home/developer/workspace/harness/build/host/tests
"Shape2D/ReduceSumLastdim2DTest.RunnerMatchesGolden/16-byteobject<01-0000-0000-0000-0001-0000-0000-0000-00>" start time: May 22 11:17 CST
Output:
----------------------------------------------------------
Running main() from ./googletest/src/gtest_main.cc
Note: Google Test filter = Shape2D/ReduceSumLastdim2DTest.RunnerMatchesGolden/0
[==========] Running 1 test from 1 test suite.
[----------] Global test environment set-up.
[----------] 1 test from Shape2D/ReduceSumLastdim2DTest
[ RUN      ] Shape2D/ReduceSumLastdim2DTest.RunnerMatchesGolden/0
[       OK ] Shape2D/ReduceSumLastdim2DTest.RunnerMatchesGolden/0 (0 ms)
[----------] 1 test from Shape2D/ReduceSumLastdim2DTest (0 ms total)

[----------] Global test environment tear-down
[==========] 1 test from 1 test suite ran. (0 ms total)
[  PASSED  ] 1 test.
<end of output>
Test time =   0.00 sec
----------------------------------------------------------
Test Passed.
"Shape2D/ReduceSumLastdim2DTest.RunnerMatchesGolden/16-byteobject<01-0000-0000-0000-0001-0000-0000-0000-00>" end time: May 22 11:17 CST
"Shape2D/ReduceSumLastdim2DTest.RunnerMatchesGolden/16-byteobject<01-0000-0000-0000-0001-0000-0000-0000-00>" time elapsed: 00:00:00
----------------------------------------------------------

67/150 Testing: Shape2D/ReduceSumLastdim2DTest.RunnerMatchesGolden/16-byteobject<01-0000-0000-0000-0000-1000-0000-0000-00>
67/150 Test: Shape2D/ReduceSumLastdim2DTest.RunnerMatchesGolden/16-byteobject<01-0000-0000-0000-0000-1000-0000-0000-00>
Command: "/home/developer/workspace/harness/build/host/tests/test_reduce_sum_lastdim" "--gtest_filter=Shape2D/ReduceSumLastdim2DTest.RunnerMatchesGolden/5" "--gtest_also_run_disabled_tests"
Directory: /home/developer/workspace/harness/build/host/tests
"Shape2D/ReduceSumLastdim2DTest.RunnerMatchesGolden/16-byteobject<01-0000-0000-0000-0000-1000-0000-0000-00>" start time: May 22 11:17 CST
Output:
----------------------------------------------------------
Running main() from ./googletest/src/gtest_main.cc
Note: Google Test filter = Shape2D/ReduceSumLastdim2DTest.RunnerMatchesGolden/5
[==========] Running 1 test from 1 test suite.
[----------] Global test environment set-up.
[----------] 1 test from Shape2D/ReduceSumLastdim2DTest
[ RUN      ] Shape2D/ReduceSumLastdim2DTest.RunnerMatchesGolden/5
[       OK ] Shape2D/ReduceSumLastdim2DTest.RunnerMatchesGolden/5 (0 ms)
[----------] 1 test from Shape2D/ReduceSumLastdim2DTest (0 ms total)

[----------] Global test environment tear-down
[==========] 1 test from 1 test suite ran. (0 ms total)
[  PASSED  ] 1 test.
<end of output>
Test time =   0.00 sec
----------------------------------------------------------
Test Passed.
"Shape2D/ReduceSumLastdim2DTest.RunnerMatchesGolden/16-byteobject<01-0000-0000-0000-0000-1000-0000-0000-00>" end time: May 22 11:17 CST
"Shape2D/ReduceSumLastdim2DTest.RunnerMatchesGolden/16-byteobject<01-0000-0000-0000-0000-1000-0000-0000-00>" time elapsed: 00:00:00
----------------------------------------------------------

48/150 Testing: ActivationGeluSiluGolden.SiluSpecValues
48/150 Test: ActivationGeluSiluGolden.SiluSpecValues
Command: "/home/developer/workspace/harness/build/host/tests/test_activation_gelu_silu" "--gtest_filter=ActivationGeluSiluGolden.SiluSpecValues" "--gtest_also_run_disabled_tests"
Directory: /home/developer/workspace/harness/build/host/tests
"ActivationGeluSiluGolden.SiluSpecValues" start time: May 22 11:17 CST
Output:
----------------------------------------------------------
Running main() from ./googletest/src/gtest_main.cc
Note: Google Test filter = ActivationGeluSiluGolden.SiluSpecValues
[==========] Running 1 test from 1 test suite.
[----------] Global test environment set-up.
[----------] 1 test from ActivationGeluSiluGolden
[ RUN      ] ActivationGeluSiluGolden.SiluSpecValues
[       OK ] ActivationGeluSiluGolden.SiluSpecValues (0 ms)
[----------] 1 test from ActivationGeluSiluGolden (0 ms total)

[----------] Global test environment tear-down
[==========] 1 test from 1 test suite ran. (0 ms total)
[  PASSED  ] 1 test.
<end of output>
Test time =   0.00 sec
----------------------------------------------------------
Test Passed.
"ActivationGeluSiluGolden.SiluSpecValues" end time: May 22 11:17 CST
"ActivationGeluSiluGolden.SiluSpecValues" time elapsed: 00:00:00
----------------------------------------------------------

13/150 Testing: AxpyScalarAffineGolden.ZeroOutput
13/150 Test: AxpyScalarAffineGolden.ZeroOutput
Command: "/home/developer/workspace/harness/build/host/tests/test_axpy_scalar_affine" "--gtest_filter=AxpyScalarAffineGolden.ZeroOutput" "--gtest_also_run_disabled_tests"
Directory: /home/developer/workspace/harness/build/host/tests
"AxpyScalarAffineGolden.ZeroOutput" start time: May 22 11:17 CST
Output:
----------------------------------------------------------
Running main() from ./googletest/src/gtest_main.cc
Note: Google Test filter = AxpyScalarAffineGolden.ZeroOutput
[==========] Running 1 test from 1 test suite.
[----------] Global test environment set-up.
[----------] 1 test from AxpyScalarAffineGolden
[ RUN      ] AxpyScalarAffineGolden.ZeroOutput
[       OK ] AxpyScalarAffineGolden.ZeroOutput (0 ms)
[----------] 1 test from AxpyScalarAffineGolden (0 ms total)

[----------] Global test environment tear-down
[==========] 1 test from 1 test suite ran. (0 ms total)
[  PASSED  ] 1 test.
<end of output>
Test time =   0.00 sec
----------------------------------------------------------
Test Passed.
"AxpyScalarAffineGolden.ZeroOutput" end time: May 22 11:17 CST
"AxpyScalarAffineGolden.ZeroOutput" time elapsed: 00:00:00
----------------------------------------------------------

130/150 Testing: MatmulBiasTest.Edge_M1_N1_K1024
130/150 Test: MatmulBiasTest.Edge_M1_N1_K1024
Command: "/home/developer/workspace/harness/build/host/tests/test_matmul_bias" "--gtest_filter=MatmulBiasTest.Edge_M1_N1_K1024" "--gtest_also_run_disabled_tests"
Directory: /home/developer/workspace/harness/build/host/tests
"MatmulBiasTest.Edge_M1_N1_K1024" start time: May 22 11:17 CST
Output:
----------------------------------------------------------
Running main() from ./googletest/src/gtest_main.cc
Note: Google Test filter = MatmulBiasTest.Edge_M1_N1_K1024
[==========] Running 1 test from 1 test suite.
[----------] Global test environment set-up.
[----------] 1 test from MatmulBiasTest
[ RUN      ] MatmulBiasTest.Edge_M1_N1_K1024
[       OK ] MatmulBiasTest.Edge_M1_N1_K1024 (0 ms)
[----------] 1 test from MatmulBiasTest (0 ms total)

[----------] Global test environment tear-down
[==========] 1 test from 1 test suite ran. (0 ms total)
[  PASSED  ] 1 test.
<end of output>
Test time =   0.00 sec
----------------------------------------------------------
Test Passed.
"MatmulBiasTest.Edge_M1_N1_K1024" end time: May 22 11:17 CST
"MatmulBiasTest.Edge_M1_N1_K1024" time elapsed: 00:00:00
----------------------------------------------------------

53/150 Testing: ReduceSumLastdimGolden.Simple2D
53/150 Test: ReduceSumLastdimGolden.Simple2D
Command: "/home/developer/workspace/harness/build/host/tests/test_reduce_sum_lastdim" "--gtest_filter=ReduceSumLastdimGolden.Simple2D" "--gtest_also_run_disabled_tests"
Directory: /home/developer/workspace/harness/build/host/tests
"ReduceSumLastdimGolden.Simple2D" start time: May 22 11:17 CST
Output:
----------------------------------------------------------
Running main() from ./googletest/src/gtest_main.cc
Note: Google Test filter = ReduceSumLastdimGolden.Simple2D
[==========] Running 1 test from 1 test suite.
[----------] Global test environment set-up.
[----------] 1 test from ReduceSumLastdimGolden
[ RUN      ] ReduceSumLastdimGolden.Simple2D
[       OK ] ReduceSumLastdimGolden.Simple2D (0 ms)
[----------] 1 test from ReduceSumLastdimGolden (0 ms total)

[----------] Global test environment tear-down
[==========] 1 test from 1 test suite ran. (0 ms total)
[  PASSED  ] 1 test.
<end of output>
Test time =   0.00 sec
----------------------------------------------------------
Test Passed.
"ReduceSumLastdimGolden.Simple2D" end time: May 22 11:17 CST
"ReduceSumLastdimGolden.Simple2D" time elapsed: 00:00:00
----------------------------------------------------------

127/150 Testing: MatmulBiasTest.Skinny_M1_K1024_N64
127/150 Test: MatmulBiasTest.Skinny_M1_K1024_N64
Command: "/home/developer/workspace/harness/build/host/tests/test_matmul_bias" "--gtest_filter=MatmulBiasTest.Skinny_M1_K1024_N64" "--gtest_also_run_disabled_tests"
Directory: /home/developer/workspace/harness/build/host/tests
"MatmulBiasTest.Skinny_M1_K1024_N64" start time: May 22 11:17 CST
Output:
----------------------------------------------------------
Running main() from ./googletest/src/gtest_main.cc
Note: Google Test filter = MatmulBiasTest.Skinny_M1_K1024_N64
[==========] Running 1 test from 1 test suite.
[----------] Global test environment set-up.
[----------] 1 test from MatmulBiasTest
[ RUN      ] MatmulBiasTest.Skinny_M1_K1024_N64
[       OK ] MatmulBiasTest.Skinny_M1_K1024_N64 (0 ms)
[----------] 1 test from MatmulBiasTest (0 ms total)

[----------] Global test environment tear-down
[==========] 1 test from 1 test suite ran. (0 ms total)
[  PASSED  ] 1 test.
<end of output>
Test time =   0.00 sec
----------------------------------------------------------
Test Passed.
"MatmulBiasTest.Skinny_M1_K1024_N64" end time: May 22 11:17 CST
"MatmulBiasTest.Skinny_M1_K1024_N64" time elapsed: 00:00:00
----------------------------------------------------------

57/150 Testing: ReduceSumLastdimGolden.Zeros
57/150 Test: ReduceSumLastdimGolden.Zeros
Command: "/home/developer/workspace/harness/build/host/tests/test_reduce_sum_lastdim" "--gtest_filter=ReduceSumLastdimGolden.Zeros" "--gtest_also_run_disabled_tests"
Directory: /home/developer/workspace/harness/build/host/tests
"ReduceSumLastdimGolden.Zeros" start time: May 22 11:17 CST
Output:
----------------------------------------------------------
Running main() from ./googletest/src/gtest_main.cc
Note: Google Test filter = ReduceSumLastdimGolden.Zeros
[==========] Running 1 test from 1 test suite.
[----------] Global test environment set-up.
[----------] 1 test from ReduceSumLastdimGolden
[ RUN      ] ReduceSumLastdimGolden.Zeros
[       OK ] ReduceSumLastdimGolden.Zeros (0 ms)
[----------] 1 test from ReduceSumLastdimGolden (0 ms total)

[----------] Global test environment tear-down
[==========] 1 test from 1 test suite ran. (0 ms total)
[  PASSED  ] 1 test.
<end of output>
Test time =   0.00 sec
----------------------------------------------------------
Test Passed.
"ReduceSumLastdimGolden.Zeros" end time: May 22 11:17 CST
"ReduceSumLastdimGolden.Zeros" time elapsed: 00:00:00
----------------------------------------------------------

55/150 Testing: ReduceSumLastdimGolden.MultiBatch3D
55/150 Test: ReduceSumLastdimGolden.MultiBatch3D
Command: "/home/developer/workspace/harness/build/host/tests/test_reduce_sum_lastdim" "--gtest_filter=ReduceSumLastdimGolden.MultiBatch3D" "--gtest_also_run_disabled_tests"
Directory: /home/developer/workspace/harness/build/host/tests
"ReduceSumLastdimGolden.MultiBatch3D" start time: May 22 11:17 CST
Output:
----------------------------------------------------------
Running main() from ./googletest/src/gtest_main.cc
Note: Google Test filter = ReduceSumLastdimGolden.MultiBatch3D
[==========] Running 1 test from 1 test suite.
[----------] Global test environment set-up.
[----------] 1 test from ReduceSumLastdimGolden
[ RUN      ] ReduceSumLastdimGolden.MultiBatch3D
[       OK ] ReduceSumLastdimGolden.MultiBatch3D (0 ms)
[----------] 1 test from ReduceSumLastdimGolden (0 ms total)

[----------] Global test environment tear-down
[==========] 1 test from 1 test suite ran. (0 ms total)
[  PASSED  ] 1 test.
<end of output>
Test time =   0.00 sec
----------------------------------------------------------
Test Passed.
"ReduceSumLastdimGolden.MultiBatch3D" end time: May 22 11:17 CST
"ReduceSumLastdimGolden.MultiBatch3D" time elapsed: 00:00:00
----------------------------------------------------------

66/150 Testing: Shape2D/ReduceSumLastdim2DTest.RunnerMatchesGolden/16-byteobject<01-0000-0000-0000-0000-0400-0000-0000-00>
66/150 Test: Shape2D/ReduceSumLastdim2DTest.RunnerMatchesGolden/16-byteobject<01-0000-0000-0000-0000-0400-0000-0000-00>
Command: "/home/developer/workspace/harness/build/host/tests/test_reduce_sum_lastdim" "--gtest_filter=Shape2D/ReduceSumLastdim2DTest.RunnerMatchesGolden/4" "--gtest_also_run_disabled_tests"
Directory: /home/developer/workspace/harness/build/host/tests
"Shape2D/ReduceSumLastdim2DTest.RunnerMatchesGolden/16-byteobject<01-0000-0000-0000-0000-0400-0000-0000-00>" start time: May 22 11:17 CST
Output:
----------------------------------------------------------
Running main() from ./googletest/src/gtest_main.cc
Note: Google Test filter = Shape2D/ReduceSumLastdim2DTest.RunnerMatchesGolden/4
[==========] Running 1 test from 1 test suite.
[----------] Global test environment set-up.
[----------] 1 test from Shape2D/ReduceSumLastdim2DTest
[ RUN      ] Shape2D/ReduceSumLastdim2DTest.RunnerMatchesGolden/4
[       OK ] Shape2D/ReduceSumLastdim2DTest.RunnerMatchesGolden/4 (0 ms)
[----------] 1 test from Shape2D/ReduceSumLastdim2DTest (0 ms total)

[----------] Global test environment tear-down
[==========] 1 test from 1 test suite ran. (0 ms total)
[  PASSED  ] 1 test.
<end of output>
Test time =   0.00 sec
----------------------------------------------------------
Test Passed.
"Shape2D/ReduceSumLastdim2DTest.RunnerMatchesGolden/16-byteobject<01-0000-0000-0000-0000-0400-0000-0000-00>" end time: May 22 11:17 CST
"Shape2D/ReduceSumLastdim2DTest.RunnerMatchesGolden/16-byteobject<01-0000-0000-0000-0000-0400-0000-0000-00>" time elapsed: 00:00:00
----------------------------------------------------------

20/150 Testing: ShapesAndScalars/AxpyScalarAffineTest.RunnerMatchesGolden/32-byteobject<F0-81E1-D7AA-AA00-00F8-81E1-D7AA-AA00-00F8-81E1-D7AA-AA00-0000-0000-3F00-0000-3F>
20/150 Test: ShapesAndScalars/AxpyScalarAffineTest.RunnerMatchesGolden/32-byteobject<F0-81E1-D7AA-AA00-00F8-81E1-D7AA-AA00-00F8-81E1-D7AA-AA00-0000-0000-3F00-0000-3F>
Command: "/home/developer/workspace/harness/build/host/tests/test_axpy_scalar_affine" "--gtest_filter=ShapesAndScalars/AxpyScalarAffineTest.RunnerMatchesGolden/3" "--gtest_also_run_disabled_tests"
Directory: /home/developer/workspace/harness/build/host/tests
"ShapesAndScalars/AxpyScalarAffineTest.RunnerMatchesGolden/32-byteobject<F0-81E1-D7AA-AA00-00F8-81E1-D7AA-AA00-00F8-81E1-D7AA-AA00-0000-0000-3F00-0000-3F>" start time: May 22 11:17 CST
Output:
----------------------------------------------------------
Running main() from ./googletest/src/gtest_main.cc
Note: Google Test filter = ShapesAndScalars/AxpyScalarAffineTest.RunnerMatchesGolden/3
[==========] Running 1 test from 1 test suite.
[----------] Global test environment set-up.
[----------] 1 test from ShapesAndScalars/AxpyScalarAffineTest
[ RUN      ] ShapesAndScalars/AxpyScalarAffineTest.RunnerMatchesGolden/3
[       OK ] ShapesAndScalars/AxpyScalarAffineTest.RunnerMatchesGolden/3 (0 ms)
[----------] 1 test from ShapesAndScalars/AxpyScalarAffineTest (0 ms total)

[----------] Global test environment tear-down
[==========] 1 test from 1 test suite ran. (0 ms total)
[  PASSED  ] 1 test.
<end of output>
Test time =   0.00 sec
----------------------------------------------------------
Test Passed.
"ShapesAndScalars/AxpyScalarAffineTest.RunnerMatchesGolden/32-byteobject<F0-81E1-D7AA-AA00-00F8-81E1-D7AA-AA00-00F8-81E1-D7AA-AA00-0000-0000-3F00-0000-3F>" end time: May 22 11:17 CST
"ShapesAndScalars/AxpyScalarAffineTest.RunnerMatchesGolden/32-byteobject<F0-81E1-D7AA-AA00-00F8-81E1-D7AA-AA00-00F8-81E1-D7AA-AA00-0000-0000-3F00-0000-3F>" time elapsed: 00:00:00
----------------------------------------------------------

129/150 Testing: MatmulBiasTest.Edge_M1_N64_K1
129/150 Test: MatmulBiasTest.Edge_M1_N64_K1
Command: "/home/developer/workspace/harness/build/host/tests/test_matmul_bias" "--gtest_filter=MatmulBiasTest.Edge_M1_N64_K1" "--gtest_also_run_disabled_tests"
Directory: /home/developer/workspace/harness/build/host/tests
"MatmulBiasTest.Edge_M1_N64_K1" start time: May 22 11:17 CST
Output:
----------------------------------------------------------
Running main() from ./googletest/src/gtest_main.cc
Note: Google Test filter = MatmulBiasTest.Edge_M1_N64_K1
[==========] Running 1 test from 1 test suite.
[----------] Global test environment set-up.
[----------] 1 test from MatmulBiasTest
[ RUN      ] MatmulBiasTest.Edge_M1_N64_K1
[       OK ] MatmulBiasTest.Edge_M1_N64_K1 (0 ms)
[----------] 1 test from MatmulBiasTest (0 ms total)

[----------] Global test environment tear-down
[==========] 1 test from 1 test suite ran. (0 ms total)
[  PASSED  ] 1 test.
<end of output>
Test time =   0.00 sec
----------------------------------------------------------
Test Passed.
"MatmulBiasTest.Edge_M1_N64_K1" end time: May 22 11:17 CST
"MatmulBiasTest.Edge_M1_N64_K1" time elapsed: 00:00:00
----------------------------------------------------------

45/150 Testing: ActivationGeluSiluGolden.GeluKnownValues
45/150 Test: ActivationGeluSiluGolden.GeluKnownValues
Command: "/home/developer/workspace/harness/build/host/tests/test_activation_gelu_silu" "--gtest_filter=ActivationGeluSiluGolden.GeluKnownValues" "--gtest_also_run_disabled_tests"
Directory: /home/developer/workspace/harness/build/host/tests
"ActivationGeluSiluGolden.GeluKnownValues" start time: May 22 11:17 CST
Output:
----------------------------------------------------------
Running main() from ./googletest/src/gtest_main.cc
Note: Google Test filter = ActivationGeluSiluGolden.GeluKnownValues
[==========] Running 1 test from 1 test suite.
[----------] Global test environment set-up.
[----------] 1 test from ActivationGeluSiluGolden
[ RUN      ] ActivationGeluSiluGolden.GeluKnownValues
[       OK ] ActivationGeluSiluGolden.GeluKnownValues (0 ms)
[----------] 1 test from ActivationGeluSiluGolden (0 ms total)

[----------] Global test environment tear-down
[==========] 1 test from 1 test suite ran. (0 ms total)
[  PASSED  ] 1 test.
<end of output>
Test time =   0.00 sec
----------------------------------------------------------
Test Passed.
"ActivationGeluSiluGolden.GeluKnownValues" end time: May 22 11:17 CST
"ActivationGeluSiluGolden.GeluKnownValues" time elapsed: 00:00:00
----------------------------------------------------------

52/150 Testing: Shapes/ActivationGeluSiluShapeTest.RunnerMatchesGolden/64-byteobject<00-8A33-CCAA-AA00-0018-8A33-CCAA-AA00-0018-8A33-CCAA-AA00-0068-6B33-CCAA-AA00-0004-0000-0000-0000-0073-696C-7500-0000-0000-4465-6174-6854-6501-0000-0000-0000-00>
52/150 Test: Shapes/ActivationGeluSiluShapeTest.RunnerMatchesGolden/64-byteobject<00-8A33-CCAA-AA00-0018-8A33-CCAA-AA00-0018-8A33-CCAA-AA00-0068-6B33-CCAA-AA00-0004-0000-0000-0000-0073-696C-7500-0000-0000-4465-6174-6854-6501-0000-0000-0000-00>
Command: "/home/developer/workspace/harness/build/host/tests/test_activation_gelu_silu" "--gtest_filter=Shapes/ActivationGeluSiluShapeTest.RunnerMatchesGolden/3" "--gtest_also_run_disabled_tests"
Directory: /home/developer/workspace/harness/build/host/tests
"Shapes/ActivationGeluSiluShapeTest.RunnerMatchesGolden/64-byteobject<00-8A33-CCAA-AA00-0018-8A33-CCAA-AA00-0018-8A33-CCAA-AA00-0068-6B33-CCAA-AA00-0004-0000-0000-0000-0073-696C-7500-0000-0000-4465-6174-6854-6501-0000-0000-0000-00>" start time: May 22 11:17 CST
Output:
----------------------------------------------------------
Running main() from ./googletest/src/gtest_main.cc
Note: Google Test filter = Shapes/ActivationGeluSiluShapeTest.RunnerMatchesGolden/3
[==========] Running 1 test from 1 test suite.
[----------] Global test environment set-up.
[----------] 1 test from Shapes/ActivationGeluSiluShapeTest
[ RUN      ] Shapes/ActivationGeluSiluShapeTest.RunnerMatchesGolden/3
[       OK ] Shapes/ActivationGeluSiluShapeTest.RunnerMatchesGolden/3 (0 ms)
[----------] 1 test from Shapes/ActivationGeluSiluShapeTest (0 ms total)

[----------] Global test environment tear-down
[==========] 1 test from 1 test suite ran. (0 ms total)
[  PASSED  ] 1 test.
<end of output>
Test time =   0.00 sec
----------------------------------------------------------
Test Passed.
"Shapes/ActivationGeluSiluShapeTest.RunnerMatchesGolden/64-byteobject<00-8A33-CCAA-AA00-0018-8A33-CCAA-AA00-0018-8A33-CCAA-AA00-0068-6B33-CCAA-AA00-0004-0000-0000-0000-0073-696C-7500-0000-0000-4465-6174-6854-6501-0000-0000-0000-00>" end time: May 22 11:17 CST
"Shapes/ActivationGeluSiluShapeTest.RunnerMatchesGolden/64-byteobject<00-8A33-CCAA-AA00-0018-8A33-CCAA-AA00-0018-8A33-CCAA-AA00-0068-6B33-CCAA-AA00-0004-0000-0000-0000-0073-696C-7500-0000-0000-4465-6174-6854-6501-0000-0000-0000-00>" time elapsed: 00:00:00
----------------------------------------------------------

50/150 Testing: Shapes/ActivationGeluSiluShapeTest.RunnerMatchesGolden/64-byteobject<00-8A33-CCAA-AA00-0008-8A33-CCAA-AA00-0008-8A33-CCAA-AA00-0068-6B33-CCAA-AA00-0004-0000-0000-0000-0067-656C-7500-0000-0000-4465-6174-6854-6500-0000-0000-0000-00>
50/150 Test: Shapes/ActivationGeluSiluShapeTest.RunnerMatchesGolden/64-byteobject<00-8A33-CCAA-AA00-0008-8A33-CCAA-AA00-0008-8A33-CCAA-AA00-0068-6B33-CCAA-AA00-0004-0000-0000-0000-0067-656C-7500-0000-0000-4465-6174-6854-6500-0000-0000-0000-00>
Command: "/home/developer/workspace/harness/build/host/tests/test_activation_gelu_silu" "--gtest_filter=Shapes/ActivationGeluSiluShapeTest.RunnerMatchesGolden/1" "--gtest_also_run_disabled_tests"
Directory: /home/developer/workspace/harness/build/host/tests
"Shapes/ActivationGeluSiluShapeTest.RunnerMatchesGolden/64-byteobject<00-8A33-CCAA-AA00-0008-8A33-CCAA-AA00-0008-8A33-CCAA-AA00-0068-6B33-CCAA-AA00-0004-0000-0000-0000-0067-656C-7500-0000-0000-4465-6174-6854-6500-0000-0000-0000-00>" start time: May 22 11:17 CST
Output:
----------------------------------------------------------
Running main() from ./googletest/src/gtest_main.cc
Note: Google Test filter = Shapes/ActivationGeluSiluShapeTest.RunnerMatchesGolden/1
[==========] Running 1 test from 1 test suite.
[----------] Global test environment set-up.
[----------] 1 test from Shapes/ActivationGeluSiluShapeTest
[ RUN      ] Shapes/ActivationGeluSiluShapeTest.RunnerMatchesGolden/1
[       OK ] Shapes/ActivationGeluSiluShapeTest.RunnerMatchesGolden/1 (0 ms)
[----------] 1 test from Shapes/ActivationGeluSiluShapeTest (0 ms total)

[----------] Global test environment tear-down
[==========] 1 test from 1 test suite ran. (0 ms total)
[  PASSED  ] 1 test.
<end of output>
Test time =   0.00 sec
----------------------------------------------------------
Test Passed.
"Shapes/ActivationGeluSiluShapeTest.RunnerMatchesGolden/64-byteobject<00-8A33-CCAA-AA00-0008-8A33-CCAA-AA00-0008-8A33-CCAA-AA00-0068-6B33-CCAA-AA00-0004-0000-0000-0000-0067-656C-7500-0000-0000-4465-6174-6854-6500-0000-0000-0000-00>" end time: May 22 11:17 CST
"Shapes/ActivationGeluSiluShapeTest.RunnerMatchesGolden/64-byteobject<00-8A33-CCAA-AA00-0008-8A33-CCAA-AA00-0008-8A33-CCAA-AA00-0068-6B33-CCAA-AA00-0004-0000-0000-0000-0067-656C-7500-0000-0000-4465-6174-6854-6500-0000-0000-0000-00>" time elapsed: 00:00:00
----------------------------------------------------------

60/150 Testing: ReduceSumLastdim.LargeKReductionStability
60/150 Test: ReduceSumLastdim.LargeKReductionStability
[...]
----------------------------------------------------------
Test Passed.
"HarnessCore.AscendRuntimeSkip" end time: May 22 11:17 CST
"HarnessCore.AscendRuntimeSkip" time elapsed: 00:00:00
----------------------------------------------------------

143/150 Testing: HarnessCore.AccuracyMismatch
143/150 Test: HarnessCore.AccuracyMismatch
Command: "/home/developer/workspace/harness/build/host/tests/test_harness_core" "--gtest_filter=HarnessCore.AccuracyMismatch" "--gtest_also_run_disabled_tests"
Directory: /home/developer/workspace/harness/build/host/tests
"HarnessCore.AccuracyMismatch" start time: May 22 11:17 CST
Output:
----------------------------------------------------------
Running main() from ./googletest/src/gtest_main.cc
Note: Google Test filter = HarnessCore.AccuracyMismatch
[==========] Running 1 test from 1 test suite.
[----------] Global test environment set-up.
[----------] 1 test from HarnessCore
[ RUN      ] HarnessCore.AccuracyMismatch
[       OK ] HarnessCore.AccuracyMismatch (0 ms)
[----------] 1 test from HarnessCore (0 ms total)

[----------] Global test environment tear-down
[==========] 1 test from 1 test suite ran. (0 ms total)
[  PASSED  ] 1 test.
<end of output>
Test time =   0.00 sec
----------------------------------------------------------
Test Passed.
"HarnessCore.AccuracyMismatch" end time: May 22 11:17 CST
"HarnessCore.AccuracyMismatch" time elapsed: 00:00:00
----------------------------------------------------------

140/150 Testing: HarnessCore.DtypeSizes
140/150 Test: HarnessCore.DtypeSizes
Command: "/home/developer/workspace/harness/build/host/tests/test_harness_core" "--gtest_filter=HarnessCore.DtypeSizes" "--gtest_also_run_disabled_tests"
Directory: /home/developer/workspace/harness/build/host/tests
"HarnessCore.DtypeSizes" start time: May 22 11:17 CST
Output:
----------------------------------------------------------
Running main() from ./googletest/src/gtest_main.cc
Note: Google Test filter = HarnessCore.DtypeSizes
[==========] Running 1 test from 1 test suite.
[----------] Global test environment set-up.
[----------] 1 test from HarnessCore
[ RUN      ] HarnessCore.DtypeSizes
[       OK ] HarnessCore.DtypeSizes (0 ms)
[----------] 1 test from HarnessCore (0 ms total)

[----------] Global test environment tear-down
[==========] 1 test from 1 test suite ran. (0 ms total)
[  PASSED  ] 1 test.
<end of output>
Test time =   0.00 sec
----------------------------------------------------------
Test Passed.
"HarnessCore.DtypeSizes" end time: May 22 11:17 CST
"HarnessCore.DtypeSizes" time elapsed: 00:00:00
----------------------------------------------------------

145/150 Testing: HarnessCore.AccuracySizeMismatch
145/150 Test: HarnessCore.AccuracySizeMismatch
Command: "/home/developer/workspace/harness/build/host/tests/test_harness_core" "--gtest_filter=HarnessCore.AccuracySizeMismatch" "--gtest_also_run_disabled_tests"
Directory: /home/developer/workspace/harness/build/host/tests
"HarnessCore.AccuracySizeMismatch" start time: May 22 11:17 CST
Output:
----------------------------------------------------------
Running main() from ./googletest/src/gtest_main.cc
Note: Google Test filter = HarnessCore.AccuracySizeMismatch
[==========] Running 1 test from 1 test suite.
[----------] Global test environment set-up.
[----------] 1 test from HarnessCore
[ RUN      ] HarnessCore.AccuracySizeMismatch
[       OK ] HarnessCore.AccuracySizeMismatch (0 ms)
[----------] 1 test from HarnessCore (0 ms total)

[----------] Global test environment tear-down
[==========] 1 test from 1 test suite ran. (0 ms total)
[  PASSED  ] 1 test.
<end of output>
Test time =   0.00 sec
----------------------------------------------------------
Test Passed.
"HarnessCore.AccuracySizeMismatch" end time: May 22 11:17 CST
"HarnessCore.AccuracySizeMismatch" time elapsed: 00:00:00
----------------------------------------------------------

148/150 Testing: HarnessCore.Float16ConversionRoundtrip
148/150 Test: HarnessCore.Float16ConversionRoundtrip
Command: "/home/developer/workspace/harness/build/host/tests/test_harness_core" "--gtest_filter=HarnessCore.Float16ConversionRoundtrip" "--gtest_also_run_disabled_tests"
Directory: /home/developer/workspace/harness/build/host/tests
"HarnessCore.Float16ConversionRoundtrip" start time: May 22 11:17 CST
Output:
----------------------------------------------------------
Running main() from ./googletest/src/gtest_main.cc
Note: Google Test filter = HarnessCore.Float16ConversionRoundtrip
[==========] Running 1 test from 1 test suite.
[----------] Global test environment set-up.
[----------] 1 test from HarnessCore
[ RUN      ] HarnessCore.Float16ConversionRoundtrip
[       OK ] HarnessCore.Float16ConversionRoundtrip (0 ms)
[----------] 1 test from HarnessCore (0 ms total)

[----------] Global test environment tear-down
[==========] 1 test from 1 test suite ran. (0 ms total)
[  PASSED  ] 1 test.
<end of output>
Test time =   0.00 sec
----------------------------------------------------------
Test Passed.
"HarnessCore.Float16ConversionRoundtrip" end time: May 22 11:17 CST
"HarnessCore.Float16ConversionRoundtrip" time elapsed: 00:00:00
----------------------------------------------------------

142/150 Testing: HarnessCore.AccuracyExactMatch
142/150 Test: HarnessCore.AccuracyExactMatch
Command: "/home/developer/workspace/harness/build/host/tests/test_harness_core" "--gtest_filter=HarnessCore.AccuracyExactMatch" "--gtest_also_run_disabled_tests"
Directory: /home/developer/workspace/harness/build/host/tests
"HarnessCore.AccuracyExactMatch" start time: May 22 11:17 CST
Output:
----------------------------------------------------------
Running main() from ./googletest/src/gtest_main.cc
Note: Google Test filter = HarnessCore.AccuracyExactMatch
[==========] Running 1 test from 1 test suite.
[----------] Global test environment set-up.
[----------] 1 test from HarnessCore
[ RUN      ] HarnessCore.AccuracyExactMatch
[       OK ] HarnessCore.AccuracyExactMatch (0 ms)
[----------] 1 test from HarnessCore (0 ms total)

[----------] Global test environment tear-down
[==========] 1 test from 1 test suite ran. (0 ms total)
[  PASSED  ] 1 test.
<end of output>
Test time =   0.00 sec
----------------------------------------------------------
Test Passed.
"HarnessCore.AccuracyExactMatch" end time: May 22 11:17 CST
"HarnessCore.AccuracyExactMatch" time elapsed: 00:00:00
----------------------------------------------------------

138/150 Testing: HarnessCore.ShapeBasics
138/150 Test: HarnessCore.ShapeBasics
Command: "/home/developer/workspace/harness/build/host/tests/test_harness_core" "--gtest_filter=HarnessCore.ShapeBasics" "--gtest_also_run_disabled_tests"
Directory: /home/developer/workspace/harness/build/host/tests
"HarnessCore.ShapeBasics" start time: May 22 11:17 CST
Output:
----------------------------------------------------------
Running main() from ./googletest/src/gtest_main.cc
Note: Google Test filter = HarnessCore.ShapeBasics
[==========] Running 1 test from 1 test suite.
[----------] Global test environment set-up.
[----------] 1 test from HarnessCore
[ RUN      ] HarnessCore.ShapeBasics
[       OK ] HarnessCore.ShapeBasics (0 ms)
[----------] 1 test from HarnessCore (0 ms total)

[----------] Global test environment tear-down
[==========] 1 test from 1 test suite ran. (0 ms total)
[  PASSED  ] 1 test.
<end of output>
Test time =   0.00 sec
----------------------------------------------------------
Test Passed.
"HarnessCore.ShapeBasics" end time: May 22 11:17 CST
"HarnessCore.ShapeBasics" time elapsed: 00:00:00
----------------------------------------------------------

4/150 Testing: ElementwiseAdd.NpuSkipIfUnavailable
4/150 Test: ElementwiseAdd.NpuSkipIfUnavailable
Command: "/home/developer/workspace/harness/build/host/tests/test_elementwise_add" "--gtest_filter=ElementwiseAdd.NpuSkipIfUnavailable" "--gtest_also_run_disabled_tests"
Directory: /home/developer/workspace/harness/build/host/tests
"ElementwiseAdd.NpuSkipIfUnavailable" start time: May 22 11:17 CST
Output:
----------------------------------------------------------
Running main() from ./googletest/src/gtest_main.cc
Note: Google Test filter = ElementwiseAdd.NpuSkipIfUnavailable
[==========] Running 1 test from 1 test suite.
[----------] Global test environment set-up.
[----------] 1 test from ElementwiseAdd
[ RUN      ] ElementwiseAdd.NpuSkipIfUnavailable
../../tests/test_elementwise_add.cpp:95: Skipped
No NPU device available

[  SKIPPED ] ElementwiseAdd.NpuSkipIfUnavailable (0 ms)
[----------] 1 test from ElementwiseAdd (0 ms total)

[----------] Global test environment tear-down
[==========] 1 test from 1 test suite ran. (0 ms total)
[  PASSED  ] 0 tests.
[  SKIPPED ] 1 test, listed below:
[  SKIPPED ] ElementwiseAdd.NpuSkipIfUnavailable
<end of output>
Test time =   0.00 sec
----------------------------------------------------------
Test Pass Reason:
Skip regular expression found in output. Regex=[\[  SKIPPED \]]
"ElementwiseAdd.NpuSkipIfUnavailable" end time: May 22 11:17 CST
"ElementwiseAdd.NpuSkipIfUnavailable" time elapsed: 00:00:00
----------------------------------------------------------

6/150 Testing: AllShapes/ElementwiseAddShapeTest.RunnerMatchesGolden/24-byteobject<90-BBDE-CCAA-AA00-0098-BBDE-CCAA-AA00-0098-BBDE-CCAA-AA00-00>
6/150 Test: AllShapes/ElementwiseAddShapeTest.RunnerMatchesGolden/24-byteobject<90-BBDE-CCAA-AA00-0098-BBDE-CCAA-AA00-0098-BBDE-CCAA-AA00-00>
Command: "/home/developer/workspace/harness/build/host/tests/test_elementwise_add" "--gtest_filter=AllShapes/ElementwiseAddShapeTest.RunnerMatchesGolden/0" "--gtest_also_run_disabled_tests"
Directory: /home/developer/workspace/harness/build/host/tests
"AllShapes/ElementwiseAddShapeTest.RunnerMatchesGolden/24-byteobject<90-BBDE-CCAA-AA00-0098-BBDE-CCAA-AA00-0098-BBDE-CCAA-AA00-00>" start time: May 22 11:17 CST
Output:
----------------------------------------------------------
Running main() from ./googletest/src/gtest_main.cc
Note: Google Test filter = AllShapes/ElementwiseAddShapeTest.RunnerMatchesGolden/0
[==========] Running 1 test from 1 test suite.
[----------] Global test environment set-up.
[----------] 1 test from AllShapes/ElementwiseAddShapeTest
[ RUN      ] AllShapes/ElementwiseAddShapeTest.RunnerMatchesGolden/0
[       OK ] AllShapes/ElementwiseAddShapeTest.RunnerMatchesGolden/0 (0 ms)
[----------] 1 test from AllShapes/ElementwiseAddShapeTest (0 ms total)

[----------] Global test environment tear-down
[==========] 1 test from 1 test suite ran. (0 ms total)
[  PASSED  ] 1 test.
<end of output>
Test time =   0.00 sec
----------------------------------------------------------
Test Passed.
"AllShapes/ElementwiseAddShapeTest.RunnerMatchesGolden/24-byteobject<90-BBDE-CCAA-AA00-0098-BBDE-CCAA-AA00-0098-BBDE-CCAA-AA00-00>" end time: May 22 11:17 CST
"AllShapes/ElementwiseAddShapeTest.RunnerMatchesGolden/24-byteobject<90-BBDE-CCAA-AA00-0098-BBDE-CCAA-AA00-0098-BBDE-CCAA-AA00-00>" time elapsed: 00:00:00
----------------------------------------------------------

7/150 Testing: AllShapes/ElementwiseAddShapeTest.RunnerMatchesGolden/24-byteobject<90-BBDE-CCAA-AA00-0098-BBDE-CCAA-AA00-0098-BBDE-CCAA-AA00-00>
7/150 Test: AllShapes/ElementwiseAddShapeTest.RunnerMatchesGolden/24-byteobject<90-BBDE-CCAA-AA00-0098-BBDE-CCAA-AA00-0098-BBDE-CCAA-AA00-00>
Command: "/home/developer/workspace/harness/build/host/tests/test_elementwise_add" "--gtest_filter=AllShapes/ElementwiseAddShapeTest.RunnerMatchesGolden/1" "--gtest_also_run_disabled_tests"
Directory: /home/developer/workspace/harness/build/host/tests
"AllShapes/ElementwiseAddShapeTest.RunnerMatchesGolden/24-byteobject<90-BBDE-CCAA-AA00-0098-BBDE-CCAA-AA00-0098-BBDE-CCAA-AA00-00>" start time: May 22 11:17 CST
Output:
----------------------------------------------------------
Running main() from ./googletest/src/gtest_main.cc
Note: Google Test filter = AllShapes/ElementwiseAddShapeTest.RunnerMatchesGolden/1
[==========] Running 1 test from 1 test suite.
[----------] Global test environment set-up.
[----------] 1 test from AllShapes/ElementwiseAddShapeTest
[ RUN      ] AllShapes/ElementwiseAddShapeTest.RunnerMatchesGolden/1
[       OK ] AllShapes/ElementwiseAddShapeTest.RunnerMatchesGolden/1 (0 ms)
[----------] 1 test from AllShapes/ElementwiseAddShapeTest (0 ms total)

[----------] Global test environment tear-down
[==========] 1 test from 1 test suite ran. (0 ms total)
[  PASSED  ] 1 test.
<end of output>
Test time =   0.00 sec
----------------------------------------------------------
Test Passed.
"AllShapes/ElementwiseAddShapeTest.RunnerMatchesGolden/24-byteobject<90-BBDE-CCAA-AA00-0098-BBDE-CCAA-AA00-0098-BBDE-CCAA-AA00-00>" end time: May 22 11:17 CST
"AllShapes/ElementwiseAddShapeTest.RunnerMatchesGolden/24-byteobject<90-BBDE-CCAA-AA00-0098-BBDE-CCAA-AA00-0098-BBDE-CCAA-AA00-00>" time elapsed: 00:00:00
----------------------------------------------------------

16/150 Testing: AxpyScalarAffine.NpuSkipIfUnavailable
16/150 Test: AxpyScalarAffine.NpuSkipIfUnavailable
Command: "/home/developer/workspace/harness/build/host/tests/test_axpy_scalar_affine" "--gtest_filter=AxpyScalarAffine.NpuSkipIfUnavailable" "--gtest_also_run_disabled_tests"
Directory: /home/developer/workspace/harness/build/host/tests
"AxpyScalarAffine.NpuSkipIfUnavailable" start time: May 22 11:17 CST
Output:
----------------------------------------------------------
Running main() from ./googletest/src/gtest_main.cc
Note: Google Test filter = AxpyScalarAffine.NpuSkipIfUnavailable
[==========] Running 1 test from 1 test suite.
[----------] Global test environment set-up.
[----------] 1 test from AxpyScalarAffine
[ RUN      ] AxpyScalarAffine.NpuSkipIfUnavailable
../../tests/test_axpy_scalar_affine.cpp:117: Skipped
No NPU device available

[  SKIPPED ] AxpyScalarAffine.NpuSkipIfUnavailable (0 ms)
[----------] 1 test from AxpyScalarAffine (0 ms total)

[----------] Global test environment tear-down
[==========] 1 test from 1 test suite ran. (0 ms total)
[  PASSED  ] 0 tests.
[  SKIPPED ] 1 test, listed below:
[  SKIPPED ] AxpyScalarAffine.NpuSkipIfUnavailable
<end of output>
Test time =   0.00 sec
----------------------------------------------------------
Test Pass Reason:
Skip regular expression found in output. Regex=[\[  SKIPPED \]]
"AxpyScalarAffine.NpuSkipIfUnavailable" end time: May 22 11:17 CST
"AxpyScalarAffine.NpuSkipIfUnavailable" time elapsed: 00:00:00
----------------------------------------------------------

35/150 Testing: BroadcastBinary.NpuSkipIfUnavailable
35/150 Test: BroadcastBinary.NpuSkipIfUnavailable
Command: "/home/developer/workspace/harness/build/host/tests/test_broadcast_binary" "--gtest_filter=BroadcastBinary.NpuSkipIfUnavailable" "--gtest_also_run_disabled_tests"
Directory: /home/developer/workspace/harness/build/host/tests
"BroadcastBinary.NpuSkipIfUnavailable" start time: May 22 11:17 CST
Output:
----------------------------------------------------------
Running main() from ./googletest/src/gtest_main.cc
Note: Google Test filter = BroadcastBinary.NpuSkipIfUnavailable
[==========] Running 1 test from 1 test suite.
[----------] Global test environment set-up.
[----------] 1 test from BroadcastBinary
[ RUN      ] BroadcastBinary.NpuSkipIfUnavailable
../../tests/test_broadcast_binary.cpp:133: Skipped
No NPU device available

[  SKIPPED ] BroadcastBinary.NpuSkipIfUnavailable (0 ms)
[----------] 1 test from BroadcastBinary (0 ms total)

[----------] Global test environment tear-down
[==========] 1 test from 1 test suite ran. (0 ms total)
[  PASSED  ] 0 tests.
[  SKIPPED ] 1 test, listed below:
[  SKIPPED ] BroadcastBinary.NpuSkipIfUnavailable
<end of output>
Test time =   0.00 sec
----------------------------------------------------------
Test Pass Reason:
Skip regular expression found in output. Regex=[\[  SKIPPED \]]
"BroadcastBinary.NpuSkipIfUnavailable" end time: May 22 11:17 CST
"BroadcastBinary.NpuSkipIfUnavailable" time elapsed: 00:00:00
----------------------------------------------------------

49/150 Testing: Shapes/ActivationGeluSiluShapeTest.RunnerMatchesGolden/64-byteobject<00-8A33-CCAA-AA00-0008-8A33-CCAA-AA00-0008-8A33-CCAA-AA00-0068-6B33-CCAA-AA00-0004-0000-0000-0000-0067-656C-7500-0000-0000-4465-6174-6854-6500-0000-0000-0000-00>
49/150 Test: Shapes/ActivationGeluSiluShapeTest.RunnerMatchesGolden/64-byteobject<00-8A33-CCAA-AA00-0008-8A33-CCAA-AA00-0008-8A33-CCAA-AA00-0068-6B33-CCAA-AA00-0004-0000-0000-0000-0067-656C-7500-0000-0000-4465-6174-6854-6500-0000-0000-0000-00>
Command: "/home/developer/workspace/harness/build/host/tests/test_activation_gelu_silu" "--gtest_filter=Shapes/ActivationGeluSiluShapeTest.RunnerMatchesGolden/0" "--gtest_also_run_disabled_tests"
Directory: /home/developer/workspace/harness/build/host/tests
"Shapes/ActivationGeluSiluShapeTest.RunnerMatchesGolden/64-byteobject<00-8A33-CCAA-AA00-0008-8A33-CCAA-AA00-0008-8A33-CCAA-AA00-0068-6B33-CCAA-AA00-0004-0000-0000-0000-0067-656C-7500-0000-0000-4465-6174-6854-6500-0000-0000-0000-00>" start time: May 22 11:17 CST
Output:
----------------------------------------------------------
Running main() from ./googletest/src/gtest_main.cc
Note: Google Test filter = Shapes/ActivationGeluSiluShapeTest.RunnerMatchesGolden/0
[==========] Running 1 test from 1 test suite.
[----------] Global test environment set-up.
[----------] 1 test from Shapes/ActivationGeluSiluShapeTest
[ RUN      ] Shapes/ActivationGeluSiluShapeTest.RunnerMatchesGolden/0
[       OK ] Shapes/ActivationGeluSiluShapeTest.RunnerMatchesGolden/0 (0 ms)
[----------] 1 test from Shapes/ActivationGeluSiluShapeTest (0 ms total)

[----------] Global test environment tear-down
[==========] 1 test from 1 test suite ran. (0 ms total)
[  PASSED  ] 1 test.
<end of output>
Test time =   0.00 sec
----------------------------------------------------------
Test Passed.
"Shapes/ActivationGeluSiluShapeTest.RunnerMatchesGolden/64-byteobject<00-8A33-CCAA-AA00-0008-8A33-CCAA-AA00-0008-8A33-CCAA-AA00-0068-6B33-CCAA-AA00-0004-0000-0000-0000-0067-656C-7500-0000-0000-4465-6174-6854-6500-0000-0000-0000-00>" end time: May 22 11:17 CST
"Shapes/ActivationGeluSiluShapeTest.RunnerMatchesGolden/64-byteobject<00-8A33-CCAA-AA00-0008-8A33-CCAA-AA00-0008-8A33-CCAA-AA00-0068-6B33-CCAA-AA00-0004-0000-0000-0000-0067-656C-7500-0000-0000-4465-6174-6854-6500-0000-0000-0000-00>" time elapsed: 00:00:00
----------------------------------------------------------

61/150 Testing: ReduceSumLastdim.NpuSkipIfUnavailable
61/150 Test: ReduceSumLastdim.NpuSkipIfUnavailable
Command: "/home/developer/workspace/harness/build/host/tests/test_reduce_sum_lastdim" "--gtest_filter=ReduceSumLastdim.NpuSkipIfUnavailable" "--gtest_also_run_disabled_tests"
Directory: /home/developer/workspace/harness/build/host/tests
"ReduceSumLastdim.NpuSkipIfUnavailable" start time: May 22 11:17 CST
Output:
----------------------------------------------------------
Running main() from ./googletest/src/gtest_main.cc
Note: Google Test filter = ReduceSumLastdim.NpuSkipIfUnavailable
[==========] Running 1 test from 1 test suite.
[----------] Global test environment set-up.
[----------] 1 test from ReduceSumLastdim
[ RUN      ] ReduceSumLastdim.NpuSkipIfUnavailable
../../tests/test_reduce_sum_lastdim.cpp:193: Skipped
No NPU device available

[  SKIPPED ] ReduceSumLastdim.NpuSkipIfUnavailable (0 ms)
[----------] 1 test from ReduceSumLastdim (0 ms total)

[----------] Global test environment tear-down
[==========] 1 test from 1 test suite ran. (0 ms total)
[  PASSED  ] 0 tests.
[  SKIPPED ] 1 test, listed below:
[  SKIPPED ] ReduceSumLastdim.NpuSkipIfUnavailable
<end of output>
Test time =   0.00 sec
----------------------------------------------------------
Test Pass Reason:
Skip regular expression found in output. Regex=[\[  SKIPPED \]]
"ReduceSumLastdim.NpuSkipIfUnavailable" end time: May 22 11:17 CST
"ReduceSumLastdim.NpuSkipIfUnavailable" time elapsed: 00:00:00
----------------------------------------------------------

End testing: May 22 11:17 CST

host =   0.45 sec*proc

